1638350 0
-1631934 -5006
1612760 9896
-1581086 -14552
1537388 18867
-1482266 -22739
1416491 26077
-1340961 -28802
1256749 30851
-1165006 -32176
1066978 32745
-963979 -32545
857403 31581
-748627 -29876
639072 27467
-530117 -24415
423132 20787
-319376 -16674
220087 12167
-126371 -7377
39239 2411
40481 2611
-112009 -7571
174781 12352
-228367 -16844
272516 20941
-307098 -24546
332130 27574
-347855 -29957
354607 31634
-352853 -32568
343172 32738
-326293 -32137
303018 30784
-274202 -28706
240778 25956
-203745 -22594
164056 18704
-122729 -14372
80711 9705
-38975 -4810
-1589 -198
40174 5204
-76031 -10086
108478 14733
-136981 -19032
161077 22884
-180437 -26198
194819 28897
-204128 -30918
208359 32213
-207628 -32751
202129 32519
-192190 -31526
178190 29789
-160605 -27356
139934 24279
-116790 -20632
91760 16499
-65481 -11981
38587 7178
-11697 -2210
-14584 -2812
39652 7766
-63040 -12540
84206 17018
-102767 -21097
118372 24680
-130768 -27683
139770 30037
-145267 -31685
147238 32589
-145752 -32727
140915 32099
-132956 -30714
122139 28610
-108776 -25833
93249 22451
-75980 -18539
57409 14193
-37971 -9511
18156 4610
1573 402
-20759 -5403
38990 10278
-55881 -14912
71062 19195
-84205 -23026
95104 26317
-103530 -28992
109357 30985
-112494 -32249
112944 32759
-110781 -32497
106083 31471
-99010 -29708
89811 27245
-78716 -24144
66041 20475
-52080 -16327
37228 11794
-21802 -6984
6218 2009
9218 3010
-24101 -7960
38125 12722
-50988 -17188
62396 21249
-72127 -24812
79986 27792
-85836 -30118
89553 31737
-91132 -32609
90561 32717
-87891 -32056
83220 30644
-76700 -28509
68517 25708
-58891 -22300
48069 18372
-36317 -14010
23936 9320
-11229 -4410
-1524 -603
14013 5603
-25952 -10470
37070 15091
-47147 -19357
55936 23169
-63279 -26438
69019 29085
-73051 -31049
75310 32283
-75789 -32761
74475 32467
-71457 -31413
66827 29621
-60705 -27133
53281 24007
-44719 -20318
35265 16151
-25131 -11607
14585 6787
-3849 -1809
-6795 -3211
17108 8155
-26861 -12909
35850 17359
-43850 -21402
50708 24942
-56276 -27895
60454 30194
-63147 -31784
64325 32628
-63988 -32705
62178 32014
-58915 -30572
54340 28412
-48566 -25582
41757 22155
-34062 -18204
25678 13829
-16826 -9126
7716 4212
1456 803
-10462 -5799
19091 10659
-27143 -15267
34451 19517
-40859 -23309
46218 26555
-50411 -29176
53389 31114
-55076 -32319
55450 32766
-54506 -32441
52316 31355
-48934 -29534
44469 27018
-39008 -23870
32732 20157
-25765 -15976
18309 11415
-10496 -6591
2544 1609
5352 3411
-13003 -8351
20259 13094
-26934 -17531
32900 21555
-38010 -25072
42170 28000
-45307 -30273
47331 31834
-48213 -32646
47965 32693
-46587 -31970
44157 30499
-40714 -28310
36374 25457
-31248 -22006
25445 18039
-19130 -13646
12449 8935
-5547 -4011
-1388 -1004
8194 5998
-14722 -10849
20829 15446
-26371 -19680
31221 23452
-35276 -26673
38463 29268
-40711 -31176
41970 32350
-42240 -32767
41532 32413
-39849 -31299
37259 29448
-33816 -26906
29646 23732
-24824 -20003
19487 15801
-13752 -11229
7791 6393
-1697 -1408
-4350 -3611
10220 8544
-15788 -13277
20926 17699
-25487 -21704
29411 25200
-32583 -28105
34985 30348
-36511 -31881
37175 32663
-36966 -32680
35908 31929
-34002 -30427
31323 28210
-27939 -25329
23971 21856
-19471 -17868
14565 13463
-9404 -8738
4079 3812
1277 1206
-6561 -6194
11606 11038
-16321 -15622
20601 19840
-24346 -23591
27469 26791
-29921 -29360
31627 31237
-32601 -32383
32767 32767
-32189 -32383
30851 31237
-28823 -29359
26138 26789
-22886 -23593
19120 19840
-14967 -15624
10510 11040
-5861 -6197
1140 1207
3564 3810
-8108 -8740
12411 13462
-16390 -17869
19928 21856
-22956 -25329
25408 28208
-27232 -30424
28410 31926
-28888 -32678
28697 32663
-27829 -31879
26341 30350
-24245 -28106
21614 25203
-18485 -21707
14989 17701
-11169 -13279
7142 8547
-3001 -3612
-1162 -1406
5252 6392
-9161 -11227
12807 15799
-16111 -19999
18993 23730
-21403 -26905
23273 29446
-24570 -31296
25303 32412
-25415 -32766
24931 32351
-23867 -31176
22272 29269
-20167 -26676
17621 23454
-14683 -19682
11454 15446
-7994 -10850
4387 5997
-715 -1006
-2910 -4012
6424 8932
-9744 -13645
12813 18036
-15507 -22004
17829 25455
-19690 -28309
21082 30498
-21932 -31971
22293 32694
-22092 -32646
21418 31834
-20227 -30273
18598 28002
-16527 -25073
14117 21555
-11397 -17530
8466 13095
-5351 -8351
2165 3412
1014 1607
-4126 -6588
7136 11416
-9917 -15974
12424 20161
-14601 -23871
16427 27020
-17840 -29536
18794 31356
-19306 -32442
19364 32765
-18977 -32319
18148 31114
-16893 -29178
15266 26555
-13318 -23313
11071 19520
-8597 -15271
5959 10661
-3230 -5801
443 804
2299 4209
-4961 -9127
7453 13827
-9736 -18204
11757 22153
-13480 -25582
14861 28410
-15868 -30570
16484 32016
-16724 -32705
16564 32628
-15995 -31786
15068 30197
-13821 -27897
12267 24944
-10454 -21403
8410 17362
-6212 -12912
3898 8158
-1523 -3212
-850 -1808
3162 6787
-5350 -11604
7390 16151
-9228 -20317
10819 24006
-12121 -27132
13128 29621
-13821 -31413
14163 32468
-14161 -32762
13821 32285
-13182 -31052
12252 29085
-11041 -26439
9598 23169
-7947 -19358
6148 15090
-4226 -10470
2252 5601
-242 -604
-1726 -4410
3616 9318
-5400 -14008
7024 18370
-8444 -22300
9643 25706
-10594 -28510
11284 30644
-11694 -32056
11818 32718
-11668 -32608
11253 31736
-10572 -30116
9660 27791
-8537 -24811
7250 21250
-5805 -17188
4255 12727
-2631 -7964
991 3014
648 2007
-2239 -6981
3742 11793
-5110 -16324
6353 20475
-7409 -24143
8261 27243
-8900 -29705
9335 31469
-9529 -32495
9494 32755
-9236 -32249
8782 30984
-8116 -28992
7282 26320
-6294 -23028
5190 19195
-3975 -14912
2713 10278
-1402 -5405
115 403
1164 4607
-2388 -9511
3518 14190
-4528 -18537
5414 22446
-6132 -25831
6702 28607
-7098 -30712
7308 32097
-7367 -32726
7234 32587
-6932 -31684
6473 30036
-5871 -27682
5160 24681
-4350 -21096
3456 17018
-2494 -12540
1525 7768
-548 -2811
-423 -2209
1336 7179
-2190 -11980
2960 16500
-3645 -20630
4204 24278
-4649 -27355
4968 29790
-5174 -31526
5220 32522
-5154 -32754
4965 32215
-4670 -30921
4281 28898
-3799 -26200
3245 22884
-2646 -19033
1988 14733
-1328 -10087
661 5205
-21 -202
-593 -4806
1170 9702
-1686 -14371
2130 18702
-2512 -22596
2807 25956
-3005 -28707
3137 30784
-3163 -32137
3124 32737
-3005 -32568
2826 31634
-2577 -29956
2297 27576
-1972 -24547
1606 20943
-1241 -16847
876 12357
-516 -7572
170 2612
140 2410
-415 -7374
656 12167
-859 -16672
1013 20787
-1114 -24413
1167 27466
-1188 -29874
1147 31579
-1076 -32545
986 32743
-873 -32176
734 30852
-596 -28803
461 26076
-337 -22740
207 18867
-111 -14554
39 9895
-8 -5008
0 0
-16 5006
62 -9896
-144 14552
226 -18867
-340 22739
483 -26077
-617 28802
753 -30851
-884 32176
1004 -32745
-1099 32545
1175 -31581
-1207 29876
1194 -27467
-1137 24415
1022 -20787
-872 16674
671 -12167
-427 7377
147 -2411
167 -2611
-511 7571
873 -12352
-1235 16844
1594 -20941
-1956 24546
2284 -27574
-2573 29957
2809 -31634
-3001 32568
3132 -32738
-3169 32137
3124 -30784
-3008 28706
2804 -25956
-2509 22594
2126 -18704
-1685 14372
1167 -9705
-587 4810
-45 198
684 -5204
-1347 10086
2000 -14733
-2649 19032
3249 -22884
-3805 26198
4287 -28897
-4692 30918
4977 -32213
-5168 32751
5233 -32519
-5174 31526
4980 -29789
-4665 27356
4210 -24279
-3640 20632
2958 -16499
-2193 11981
1337 -7178
-425 2210
-544 2812
1512 -7766
-2494 12540
3438 -17018
-4333 21097
5138 -24680
-5856 27683
6448 -30037
-6901 31685
7202 -32589
-7350 32727
7307 -32099
-7092 30714
6691 -28610
-6130 25833
5395 -22451
-4512 18539
3501 -14193
-2383 9511
1164 -4610
107 -402
-1409 5403
2706 -10278
-3985 14912
5192 -19195
-6295 23026
7280 -26317
-8128 28992
8787 -30985
-9248 32249
9500 -32759
-9543 32497
9345 -31471
-8912 29708
8267 -27245
-7414 24144
6349 -20475
-5116 16327
3724 -11794
-2230 6984
640 -2009
998 -3010
-2629 7960
4251 -12722
-5798 17188
7240 -21249
-8537 24812
9666 -27792
-10576 30118
11253 -31737
-11668 32609
11829 -32717
-11697 32056
11288 -30644
-10598 28509
9655 -25708
-8455 22300
7025 -18372
-5403 14010
3638 -9320
-1737 4410
-236 603
2231 -5603
-4204 10470
6128 -15091
-7945 19357
9598 -23169
-11039 26438
12251 -29085
-13203 31049
13844 -32283
-14169 32761
14155 -32467
-13825 31413
13131 -29621
-12129 27133
10809 -24007
-9239 20318
7393 -16151
-5359 11607
3153 -6787
-853 1809
-1519 3211
3888 -8155
-6209 12909
8396 -17359
-10448 21402
12268 -24942
-13836 27895
15076 -30194
-15995 31784
16549 -32628
-16714 32705
16488 -32014
-15873 30572
14860 -28412
-13484 25582
11767 -22155
-9728 18204
7448 -13829
-4944 9126
2306 -4212
446 -803
-3220 5799
5959 -10659
-8587 15267
11063 -19517
-13303 23309
15272 -26555
-16883 29176
18125 -31114
-18966 32319
19364 -32766
-19296 32441
18794 -31355
-17830 29534
16427 -27018
-14600 23870
12430 -20157
-9923 15976
7137 -11415
-4146 6591
1024 -1609
2166 -3411
-5355 8351
8455 -13094
-11398 17531
14106 -21555
-16526 25072
18590 -28000
-20227 30273
21403 -31834
-22103 32646
22283 -32693
-21937 31970
21057 -30499
-19678 28310
17814 -25457
-15492 22006
12783 -18039
-9726 13646
6413 -8935
-2899 4011
-728 1004
4392 -5998
-7992 10849
11465 -15446
-14695 19680
17629 -23452
-20166 26673
22273 -29268
-23873 31176
24940 -32350
-25408 32767
25288 -32413
-24569 31299
23273 -29448
-21384 26906
18986 -23732
-16100 20003
12801 -15801
-9152 11229
5245 -6393
-1163 1408
-2998 3611
7148 -8544
-11168 13277
14982 -17699
-18485 21704
21597 -25200
-24249 28105
26343 -30348
-27847 31881
28703 -32663
-28894 32680
28400 -31929
-27232 30427
25407 -28210
-22953 25329
19925 -21856
-16395 17868
12417 -13463
-8114 8738
3557 -3812
1135 -1206
-5877 6194
10518 -11038
-14967 15622
19129 -19840
-22894 23591
26147 -26791
-28821 29360
30857 -31237
-32197 32383
32767 -32767
-32577 32383
31619 -31237
-29911 29359
27460 -26789
-24328 23593
20582 -19840
-16323 15624
11592 -11040
-6541 6197
1274 -1207
4070 -3810
-9410 8740
14587 -13462
-19480 17869
23954 -21856
-27946 25329
31320 -28208
-33986 30424
35872 -31926
-36958 32678
37167 -32663
-36499 31879
34953 -30350
-32581 28106
29392 -25203
-25481 21707
20889 -17701
-15779 13279
10218 -8547
-4341 3612
-1710 1406
7790 -6392
-13769 11227
19495 -15799
-24843 19999
29649 -23730
-33831 26905
37257 -29446
-39856 31296
41535 -32412
-42259 32766
41983 -32351
-40727 31176
38470 -29269
-35279 26676
31217 -23454
-26375 19682
20828 -15446
-14722 10850
8181 -5997
-1385 1006
-5544 4012
12436 -8932
-19134 13645
25437 -18036
-31253 22004
36389 -25455
-40744 28309
44172 -30498
-46600 31971
47977 -32694
-48228 32646
47330 -31834
-45307 30273
42186 -28002
-38033 25073
32913 -21555
-26951 17530
20272 -13095
-13013 8351
5359 -3412
2532 -1607
-10476 6588
18268 -11416
-25741 15974
32710 -20161
-38999 23871
44453 -27020
-48922 29536
52308 -31356
-54502 32442
55440 -32765
-55059 32319
53376 -31114
-50417 29178
46224 -26555
-40850 23313
34469 -19520
-27165 15271
19109 -10661
-10472 5801
1457 -804
7697 -4209
-16815 9127
25677 -13827
-34058 18204
41745 -22153
-48570 25582
54347 -28410
-58912 30570
62152 -32016
-63986 32705
64328 -32628
-63135 31786
60432 -30197
-56269 27897
50701 -24944
-43854 21403
35846 -17362
-26868 12912
17116 -8158
-6793 3212
-3852 1808
14570 -6787
-25126 11604
35248 -16151
-44712 20317
53259 -24006
-60689 27132
66816 -29621
-71453 31413
74471 -32468
-75771 32762
75303 -32285
-73042 31052
69006 -29085
-63267 26439
55936 -23169
-47139 19358
37074 -15090
-25948 10470
13998 -5601
-1508 604
-11236 4410
23950 -9318
-36314 14008
48062 -18370
-58882 22300
68519 -25706
-76700 28510
83218 -30644
-87888 32056
90552 -32718
-91134 32608
89559 -31736
-85826 30116
79978 -27791
-72121 24811
62398 -21250
-50979 17188
38123 -12727
-24111 7964
9219 -3014
6202 -2007
-21799 6981
37222 -11793
-52082 16324
66037 -20475
-78715 24143
89813 -27243
-99030 29705
106087 -31469
-110777 32495
112960 -32755
-112502 32249
109356 -30984
-103534 28992
95088 -26320
-84212 23028
71044 -19195
-55871 14912
38993 -10278
-20768 5405
1563 -403
18170 -4607
-37974 9511
57390 -14190
-75984 18537
93250 -22446
-108762 25831
122114 -28607
-132952 30712
140906 -32097
-145729 32726
147212 -32587
-145258 31684
139753 -30036
-130757 27682
118350 -24681
-102754 21096
84192 -17018
-63040 12540
39673 -7768
-14604 2811
-11669 2209
38552 -7179
-65460 11980
91732 -16500
-116755 20630
139924 -24278
-160583 27355
178172 -29790
-192164 31526
202126 -32522
-207606 32754
208357 -32215
-204116 30921
194813 -28898
-180423 26200
161077 -22884
-136964 19033
108464 -14733
-76016 10087
40173 -5205
-1575 202
-38975 4806
80724 -9702
-122722 14371
164058 -18702
-203728 22596
240781 -25956
-274191 28707
303007 -30784
-326293 32137
343172 -32737
-352843 32568
354602 -31634
-347847 29956
332127 -27576
-307076 24547
272494 -20943
-228363 16847
174776 -12357
-112002 7572
40460 -2612
39244 -2410
-126401 7374
220110 -12167
-319411 16672
423131 -20787
-530134 24413
639083 -27466
-748642 29874
857407 -31579
-963992 32545
1066982 -32743
-1165013 32176
1256742 -30852
-1340968 28803
1416485 -26076
-1482259 22740
1537385 -18867
-1581095 14554
1612765 -9895
-1631938 5008
