-13653 -1087
-166410 -14566
-849576 -92280
-2577227 -352927
-5584134 -941549
-9250703 -1900667
-11222285 -2994171
-6584692 -3507153
11722291 -1980674
50710826 3702944
114016162 15708620
199335896 35666936
297820858 64135226
396013672 100308984
479929564 142288012
539230712 187583353
569878183 233602288
574314177 278047143
559455801 319309919
533673947 356686247
504095182 390328501
475119512 420706062
448822569 448407801
426254446 474124787
408007907 498242594
394285159 520635711
385005619 540580797
379954763 556761857
379041672 567787084
382485787 572594869
390802882 570635726
404739199 562037298
424688867 547336105
450160747 527154951
479887975 502112726
511728393 472638226
542847597 438717523
570431862 399856701
592664590 355442709
609285843 305168276
621648988 249193062
632020271 188161315
642403710 123454482
653140825 56995469
662325968 -9305099
666684560 -73881808
663059370 -135903047
649879044 -195406708
628050028 -252837659
600540787 -308520284
571227935 -362301656
543320472 -413060139
518221099 -458912424
495650228 -498033405
474676617 -529193637
454688652 -552170780
436165933 -567967341
420455392 -578364600
408794801 -584999640
401660804 -588668603
398801128 -589198557
399412563 -585587685
402565332 -576466958
407920128 -560863019
415837376 -538682277
427167961 -510739087
442946107 -478391752
463750875 -442872950
489268214 -404683537
518190625 -363574841
548389997 -318968436
577389367 -270249840
602831014 -217387200
622711056 -161131092
635836645 -102537342
642266146 -42729744
643081636 17225647
639637637 76563164
632884150 134690883
623064779 190878307
609664492 244193027
591950790 293785455
569757867 339084701
543919040 379955946
515918490 416654726
487605250 449573618
460723965 478969166
436206051 504638290
414346754 526100218
395329489 542908880
379646292 554764037
368336557 561503525
362577404 562883765
363042743 558432718
369696996 547645510
381930957 530397250
398831095 507375498
419487394 480050313
442798638 450039913
467340950 418524994
491435943 385805907
513620746 351241011
533189025 313504391
550472874 271282367
566821489 223886317
584127285 171583424
603461912 115406620
623855123 56679465
642388736 -3164175
655152160 -62841933
658669782 -121252333
651470762 -177618758
634772608 -231678121
611640748 -283656578
585605071 -333889504
559387530 -382136354
534121364 -427204233
509370413 -466994493
483642000 -498739533
455646685 -519984048
425446324 -530014325
394865161 -530505559
367243369 -525409099
346692691 -519859620
336890213 -518243330
339921069 -522470633
355265179 -531049552
379950097 -539608825
409922029 -542785680
441142533 -536093500
470847004 -517294619
498289839 -487052247
524016679 -447929933
548775868 -402788943
572619513 -353642553
594649388 -301170591
613499391 -245261950
627996772 -185834005
637702756 -123290607
642803129 -58966693
643542134 5283582
639691989 67812029
630567949 127203079
615642454 182433428
595074386 233169691
570113999 279509850
542911444 321985080
516020853 361452837
491607043 398453960
470485301 432965616
452298665 464297288
436004644 491293978
420289741 512797655
404452287 528062991
388711083 536978819
374324675 540343815
363265449 539501295
357487382 535611945
358557453 529382345
367093163 520847626
382832913 509613497
405118662 495148477
432969792 476843889
464900733 454141820
498809638 426413497
532079269 392950548
561944237 353395910
586109041 307759006
603434692 256182433
614127185 199253147
619591543 138198242
622139964 74538732
623981296 9722301
626007085 -54770653
627415364 -117631314
626218693 -177728630
620041840 -234248497
607302455 -287089353
588103868 -336822359
563948569 -384218649
537374846 -429619626
511037125 -472100390
486294320 -509244040
463115301 -538083538
440921318 -556534927
419360563 -564413012
399109683 -563852195
382203384 -558618000
371449296 -552559882
369024368 -547962248
375621977 -544782324
390485408 -541116854
411682940 -534160868
436909149 -521336406
464453640 -501225174
493366472 -473468268
523109325 -438329250
552904201 -396537690
581476856 -349012852
607320475 -296774410
629184581 -241108024
646287644 -183043823
658402727 -123029807
665801854 -61161854
668636505 2580169
666508443 67869418
658421549 133287748
643029554 196208993
619350773 253448385
587532830 302372651
549367107 341882154
508321373 373001724
468783750 398646466
434910872 422551446
409469077 447767094
393143267 475386243
384533036 504134711
380755797 530861276
378694710 551679778
376113020 563506076
372468233 565121613
369186184 557381280
368780217 542667239
373621671 523795793
384958243 502934470
402771025 481012423
425933741 457541350
452695221 431104510
481380741 400251597
510569906 364067388
539232093 322468985
566558830 276315304
591509855 226856438
612622498 175105950
628073564 121441316
636121321 65667667
635990187 7388758
628246197 -53625758
614549560 -117013585
597229539 -181571905
578453378 -245319148
559669280 -305923875
541346235 -361290141
522992799 -409741609
503764212 -450234552
483359249 -482552122
462334381 -507382590
442002186 -526037812
424059174 -540131575
409987639 -551345247
400819039 -561001910
396912486 -569650052
398151801 -577029104
404171813 -582175284
414210961 -583494625
427439714 -579252682
