492686047 83821342
492686047 83821342
652587385 157321834
648503169 208106744
578035147 226155228
534928495 262470940
529450312 321176101
521641552 365307727
517918965 409291687
483938560 429934776
418240387 421491784
390046364 441342719
392775794 498527433
398532846 542649710
382605572 539338539
362028291 530006574
368449988 557359046
386027638 602953892
372314068 583624210
377283423 554845326
416206403 549522238
434814203 511878896
456745958 486736687
504310416 482013699
545259040 446803702
581634009 401550471
604849871 354132829
615577219 301099613
632308560 257782076
625748988 209453414
589224537 130468954
606212166 44639419
652153833 -21150212
685859116 -81128464
712659847 -147260269
706532469 -200916685
627694734 -236845244
548910095 -287120568
522988204 -355656728
526713728 -424122128
518364954 -467883015
498578633 -498619500
479917175 -538608669
456313525 -570985411
429917431 -579183117
400872268 -561782803
371844404 -550015162
380215858 -581828304
396564310 -587328293
409627512 -580599853
415978613 -597987231
393522486 -581163029
381726523 -529912361
419917481 -496891762
445761716 -477725206
439590185 -438438195
461231240 -389369106
510572654 -359717688
542151465 -327784884
567275660 -279553918
625343858 -236112791
637710757 -166160708
622939655 -81437219
640425215 -27990709
649890934 12186072
644248551 67900923
616643282 127894477
577716269 185315852
601360480 252286501
632359079 308996762
596559696 345982478
539331234 383034457
492336380 408349052
452158311 429514486
438687529 475514280
436812605 514468832
426372881 529562820
395070815 538645723
370775094 554572272
351103073 562542525
334203560 562156674
329656257 537483282
355786953 541330887
398587279 568895865
402180047 528936838
400928859 467481291
422853551 422696250
443860615 383992503
475656853 369907285
539118944 372228538
571509317 344378967
551682040 278076028
532879407 213774513
541911453 168889529
582193316 120594989
611710338 58096637
635543713 -1085841
663114908 -60463482
697138227 -119873092
706700591 -191243069
641440804 -245880187
562430915 -277958248
547234162 -320747086
541593080 -364114565
524368436 -408191849
518937262 -474153535
505191487 -533901592
455217013 -540559586
407744668 -542883031
394303891 -548137721
375746427 -533852530
332554616 -497898319
288494873 -453209274
282343956 -459071253
316251585 -518269015
358003793 -552193746
426423984 -575254411
495223860 -598042326
495870838 -550077312
467269551 -465079558
483584638 -416565068
518628866 -383241916
575448703 -356061943
610539138 -315373611
620219057 -254252063
650647131 -203333443
623339321 -126588577
608152288 -37551829
637684781 15096450
637775025 66629150
641080689 128542021
633989177 178708566
604588177 238474061
562408663 294505142
520625435 331391285
504224822 360595455
470319044 370016028
448357586 408863770
445428808 471155143
430141631 503365882
427949745 530694732
419561644 549215515
382697068 517844562
352389529 510687995
350699382 552191495
351499472 551626224
334003900 511423388
329132142 489258185
371480538 506939166
411136587 514640132
434983369 492042807
441958553 437188753
469211475 411112094
517022497 401006941
565455817 360782520
635138751 326428046
638970734 268647042
586351010 189319149
590053814 132285883
617535556 80452055
611155723 15353103
613707867 -63290383
619917712 -128019040
605943634 -168855320
612361099 -226262980
654341561 -311084160
632332773 -359698393
539730432 -363299140
494749547 -396912776
492866806 -456041563
457463675 -494342742
447959092 -561957599
466142545 -620599181
450429637 -604323929
406894202 -561273091
349313727 -518490578
304440430 -476141897
338949557 -517646633
386303806 -572954263
377186415 -561065154
391725391 -539651202
440632797 -525744301
471292935 -493821245
484951116 -469884275
499435450 -441284928
537503332 -408655741
575812475 -365660835
608247113 -297265031
642777822 -225288251
660435712 -166844188
659259096 -120296936
638023838 -73008658
639510296 -12181204
674151721 59163772
670796893 125738787
655199064 196402757
632042697 270200361
587064983 330629895
551130980 374593764
517581104 393664884
459012653 384703193
388992943 383347818
358228137 417986114
362465925 454094482
375305144 483736247
392586328 540151107
401867516 590753321
383304623 588020521
366032612 570800348
358460990 556175677
356776008 540425617
354741124 509739249
345359322 473363841
370033069 465231964
433080895 466676012
476959914 436543739
479900960 408077374
478537609 375039092
519958417 324413674
570473604 277196489
603199766 223966000
602860774 158771873
619362030 113329139
641876266 74407578
653449423 22891683
655778961 -37175300
611298419 -110876123
574228399 -187315430
546087538 -245896196
531491071 -306309356
542639107 -370565921
539874307 -424456995
507770916 -456339399
479593675 -482444868
451450835 -512359804
426332769 -532655022
419343204 -546043393
389102501 -524092439
376801699 -526942873
398588154 -580836997
390569912 -583452328
382176147 -560922318
399672609 -571472942
425885561 -595716888
440070748 -584034142
455659978 -549966122
475240120 -524145682
488491957 -492075187
506340280 -443723138
547413114 -402018489
582935888 -360373360
575078462 -281476421
606528229 -224244760
675905206 -196296811
672135995 -145539756
567704063 -76253884
