9091
-21539
-2280
-851
-31
127
183
282
1195
12923
1278
334
210
183
188
210
242
283
323
353
368
364
343
314
279
241
198
153
105
53
-2
-60
-123
-187
-244
-293
-325
-344
-356
-371
-396
-433
-479
-520
-536
-527
-503
-478
-469
-472
-480
-472
-443
-390
-328
-271
-220
-177
-138
-97
-58
-20
19
58
99
150
204
263
320
372
413
443
465
478
485
487
487
486
482
472
457
436
416
397
380
364
341
313
278
237
197
153
101
44
-21
-91
-158
-220
-271
-308
-329
-338
-343
-356
-385
-426
-472
-505
-512
-499
-473
-450
-439
-437
-440
-437
-423
-393
-352
-306
-263
-225
-191
-156
-113
-62
2
67
125
173
218
260
305
348
386
417
440
462
483
504
519
520
508
487
465
444
431
415
394
365
328
285
242
205
172
140
109
70
21
-37
-96
-158
-217
-268
-312
-347
-371
-390
-406
-428
-457
-492
-523
-541
-536
-511
-476
-441
-420
-410
-406
-398
-372
-327
-269
-213
-162
-119
-84
-42
4
57
112
165
213
259
306
352
392
426
449
461
469
477
485
498
509
513
502
482
453
424
399
373
346
308
260
205
154
107
68
30
-12
-61
-119
-175
-229
-274
-314
-351
-387
-420
-444
-457
-458
-455
-460
-477
-504
-537
-558
-553
-517
-460
-397
-338
-288
-246
-209
-173
-137
-99
-62
-24
15
55
