1638400 0
-1631976 -5006
1612798 9896
-1581134 -14552
1537432 18868
-1482304 -22740
1416523 26077
-1341004 -28803
1256792 30852
-1165044 -32176
1067012 32745
-964016 -32545
857429 31581
-748653 -29874
639094 27466
-530141 -24414
423145 20787
-319396 -16673
220105 12167
-126385 -7375
39236 2410
40470 2611
-112005 -7571
174783 12353
-228377 -16846
272516 20942
-307089 -24547
332142 27576
-347870 -29956
354616 31634
-352854 -32568
343182 32737
-326306 -32138
303023 30784
-274208 -28707
240791 25955
-203744 -22594
164057 18703
-122723 -14372
80717 9704
-38982 -4808
-1589 -201
40174 5205
-76022 -10087
108476 14732
-136978 -19032
161077 22884
-180433 -26199
194819 28898
-204126 -30919
208355 32214
-207616 -32752
202121 32521
-192177 -31526
178176 29791
-160584 -27356
139926 24279
-116777 -20631
91745 16499
-65462 -11980
38561 7179
-11670 -2210
-14601 -2811
39682 7766
-63041 -12539
84205 17018
-102762 -21097
118372 24680
-130769 -27684
139769 30037
-145267 -31685
147241 32589
-145746 -32728
140917 32098
-132957 -30714
122134 28609
-108775 -25832
93253 22448
-75982 -18537
57402 14191
-37974 -9512
18163 4609
1564 402
-20760 -5403
38998 10278
-55881 -14912
71056 19195
-84216 -23027
95106 26319
-103530 -28993
109353 30985
-112500 -32250
112961 32758
-110786 -32496
106086 31471
-99024 -29707
89816 27245
-78721 -24144
66036 20475
-52088 -16325
37225 11793
-21810 -6983
6210 2009
9211 3011
-24101 -7961
38126 12725
-50981 -17189
62392 21250
-72123 -24812
79984 27791
-85829 -30117
89562 31736
-91139 -32610
90563 32718
-87890 -32057
83221 30644
-76702 -28511
68517 25708
-58889 -22301
48065 18371
-36319 -14010
23940 9319
-11226 -4409
-1521 -603
14008 5602
-25948 -10469
37074 15090
-47142 -19358
55938 23170
-63279 -26438
69019 29086
-73053 -31050
75316 32285
-75786 -32762
74481 32469
-71461 -31414
66825 29621
-60708 -27133
53275 24007
-44721 -20318
35262 16151
-25133 -11605
14579 6786
-3854 -1808
-6790 -3211
17110 8156
-26868 -12910
35848 17360
-43852 -21403
50710 24943
-56279 -27897
60450 30196
-63147 -31785
64331 32629
-63995 -32706
62171 32015
-58924 -30572
54351 28411
-48577 -25583
41755 22154
-34059 -18204
25680 13828
-16825 -9126
7706 4210
1461 804
-10461 -5800
19089 10659
-27147 -15269
34457 19519
-40859 -23312
46216 26557
-50419 -29178
53385 31114
-55064 -32319
55434 32765
-54505 -32442
52316 31357
-48935 -29535
44459 27020
-39006 -23870
32717 20159
-25750 -15976
18276 11416
-10477 -6589
2539 1607
5351 3411
-13011 -8351
20264 13094
-26946 -17530
32911 21555
-38027 -25073
42187 28002
-45307 -30273
47328 31834
-48216 -32647
47967 32693
-46600 -31971
44163 30499
-40726 -28310
36382 25457
-31245 -22005
25444 18037
-19124 -13645
12439 8933
-5549 -4011
-1381 -1005
8191 5997
-14723 -10849
20827 15446
-26367 -19681
31220 23453
-35282 -26674
38469 29269
-40716 -31176
41983 32351
-42254 -32767
41533 32413
-39852 -31298
37260 29447
-33830 -26905
29652 23732
-24833 -20001
19495 15800
-13767 -11228
7789 6392
-1703 -1407
-4346 -3611
10219 8545
-15781 -13278
20905 17700
-25477 -21706
29397 25201
-32582 -28106
34966 30350
-36503 -31881
37169 32663
-36957 -32679
35884 31927
-33985 -30425
31316 28208
-27947 -25330
23966 21856
-19474 -17869
14581 13462
-9408 -8739
4077 3811
1282 1206
-6547 -6195
11594 11039
-16309 -15623
20585 19841
-24328 -23593
27456 26790
-29904 -29359
31623 31237
-32582 -32383
32768 32768
-32185 -32383
30856 31237
-28823 -29359
26141 26790
-22880 -23593
19124 19841
-14966 -15623
10510 11039
-5862 -6195
1134 1206
3562 3811
-8118 -8739
12429 13462
-16396 -17869
19931 21856
-22957 -25330
25409 28208
-27237 -30425
28406 31927
-28896 -32679
28704 32663
-27843 -31881
26342 30350
-24244 -28106
21604 25201
-18492 -21706
14986 17700
-11173 -13278
7145 8545
-3001 -3611
-1161 -1407
5246 6392
-9157 -11228
12805 15800
-16108 -20001
18993 23732
-21398 -26905
23273 29447
-24580 -31298
25295 32413
-25410 -32767
24929 32351
-23872 -31176
22269 29269
-20166 -26674
17618 23453
-14690 -19681
11456 15446
-7995 -10849
4391 5997
-731 -1005
-2899 -4011
6415 8933
-9736 -13645
12786 18037
-15498 -22005
17812 25457
-19679 -28310
21062 30499
-21935 -31971
22282 32693
-22105 -32647
21412 31834
-20228 -30273
18586 28002
-16531 -25073
14117 21555
-11405 -17530
8462 13094
-5360 -8351
2175 3411
1018 1607
-4144 -6589
7131 11416
-9911 -15976
12422 20159
-14607 -23870
16421 27020
-17826 -29535
18794 31357
-19310 -32442
19366 32765
-18969 -32319
18133 31114
-16885 -29178
15260 26557
-13300 -23312
11057 19519
-8588 -15269
5952 10659
-3215 -5800
442 804
2300 4210
-4950 -9126
7445 13828
-9730 -18204
11754 22154
-13473 -25583
14851 28411
-15861 -30572
16486 32015
-16715 -32706
16549 32629
-15999 -31785
15083 30196
-13828 -27897
12268 24943
-10446 -21403
8407 17360
-6203 -12910
3888 8156
-1519 -3211
-848 -1808
3159 6786
-5358 -11605
7397 16151
-9231 -20318
10818 24007
-12127 -27133
13130 29621
-13810 -31414
14155 32469
-14163 -32762
13839 32285
-13197 -31050
12257 29086
-11046 -26438
9597 23170
-7948 -19358
6142 15090
-4224 -10469
2240 5602
-239 -603
-1732 -4409
3627 9319
-5404 -14010
7022 18371
-8445 -22301
9645 25708
-10597 -28511
11283 30644
-11692 -32057
11820 32718
-11668 -32610
11245 31736
-10568 -30117
9656 27791
-8535 -24812
7237 21250
-5795 -17189
4247 12725
-2630 -7961
984 3011
650 2009
-2235 -6983
3736 11793
-5116 -16325
6348 20475
-7404 -24144
8264 27245
-8912 -29707
9336 31471
-9531 -32496
9499 32758
-9245 -32250
8779 30985
-8119 -28993
7283 26319
-6296 -23027
5185 19195
-3979 -14912
2709 10278
-1406 -5403
103 402
1169 4609
-2382 -9512
3508 14191
-4522 -18537
5404 22448
-6134 -25832
6701 28609
-7095 -30714
7311 32098
-7349 -32728
7213 32589
-6911 -31685
6455 30037
-5860 -27684
5145 24680
-4331 -21097
3439 17018
-2494 -12539
1520 7766
-541 -2811
-418 -2210
1336 7179
-2192 -11980
2967 16499
-3645 -20631
4212 24279
-4660 -27356
4981 29791
-5171 -31526
5232 32521
-5166 -32752
4980 32214
-4683 -30919
4286 28898
-3804 -26199
3251 22884
-2644 -19032
2000 14732
-1338 -10087
674 5205
-25 -201
-593 -4808
1166 9704
-1683 -14372
2132 18703
-2505 -22594
2797 25955
-3005 -28707
3127 30784
-3165 -32138
3123 32737
-3006 -32568
2821 31634
-2579 -29956
2289 27576
-1962 -24547
1609 20942
-1242 -16846
873 12353
-511 -7571
168 2611
148 2410
-430 -7375
672 12167
-870 -16673
1021 20787
-1124 -24414
1180 27466
-1192 -29874
1163 31581
-1098 -32545
1004 32745
-888 -32176
757 30852
-618 -28803
480 26077
-348 -22740
231 18868
-133 -14552
60 9896
-15 -5006
0 0
-15 5006
60 -9896
-133 14552
231 -18868
-348 22740
480 -26077
-618 28803
757 -30852
-888 32176
1004 -32745
-1098 32545
1163 -31581
-1192 29874
1180 -27466
-1124 24414
1021 -20787
-870 16673
672 -12167
-430 7375
148 -2410
168 -2611
-511 7571
873 -12353
-1242 16846
1609 -20942
-1962 24547
2289 -27576
-2579 29956
2821 -31634
-3006 32568
3123 -32737
-3165 32138
3127 -30784
-3005 28707
2797 -25955
-2505 22594
2132 -18703
-1683 14372
1166 -9704
-593 4808
-25 201
674 -5205
-1338 10087
2000 -14732
-2644 19032
3251 -22884
-3804 26199
4286 -28898
-4683 30919
4980 -32214
-5166 32752
5232 -32521
-5171 31526
4981 -29791
-4660 27356
4212 -24279
-3645 20631
2967 -16499
-2192 11980
1336 -7179
-418 2210
-541 2811
1520 -7766
-2494 12539
3439 -17018
-4331 21097
5145 -24680
-5860 27684
6455 -30037
-6911 31685
7213 -32589
-7349 32728
7311 -32098
-7095 30714
6701 -28609
-6134 25832
5404 -22448
-4522 18537
3508 -14191
-2382 9512
1169 -4609
103 -402
-1406 5403
2709 -10278
-3979 14912
5185 -19195
-6296 23027
7283 -26319
-8119 28993
8779 -30985
-9245 32250
9499 -32758
-9531 32496
9336 -31471
-8912 29707
8264 -27245
-7404 24144
6348 -20475
-5116 16325
3736 -11793
-2235 6983
650 -2009
984 -3011
-2630 7961
4247 -12725
-5795 17189
7237 -21250
-8535 24812
9656 -27791
-10568 30117
11245 -31736
-11668 32610
11820 -32718
-11692 32057
11283 -30644
-10597 28511
9645 -25708
-8445 22301
7022 -18371
-5404 14010
3627 -9319
-1732 4409
-239 603
2240 -5602
-4224 10469
6142 -15090
-7948 19358
9597 -23170
-11046 26438
12257 -29086
-13197 31050
13839 -32285
-14163 32762
14155 -32469
-13810 31414
13130 -29621
-12127 27133
10818 -24007
-9231 20318
7397 -16151
-5358 11605
3159 -6786
-848 1808
-1519 3211
3888 -8156
-6203 12910
8407 -17360
-10446 21403
12268 -24943
-13828 27897
15083 -30196
-15999 31785
16549 -32629
-16715 32706
16486 -32015
-15861 30572
14851 -28411
-13473 25583
11754 -22154
-9730 18204
7445 -13828
-4950 9126
2300 -4210
442 -804
-3215 5800
5952 -10659
-8588 15269
11057 -19519
-13300 23312
15260 -26557
-16885 29178
18133 -31114
-18969 32319
19366 -32765
-19310 32442
18794 -31357
-17826 29535
16421 -27020
-14607 23870
12422 -20159
-9911 15976
7131 -11416
-4144 6589
1018 -1607
2175 -3411
-5360 8351
8462 -13094
-11405 17530
14117 -21555
-16531 25073
18586 -28002
-20228 30273
21412 -31834
-22105 32647
22282 -32693
-21935 31971
21062 -30499
-19679 28310
17812 -25457
-15498 22005
12786 -18037
-9736 13645
6415 -8933
-2899 4011
-731 1005
4391 -5997
-7995 10849
11456 -15446
-14690 19681
17618 -23453
-20166 26674
22269 -29269
-23872 31176
24929 -32351
-25410 32767
25295 -32413
-24580 31298
23273 -29447
-21398 26905
18993 -23732
-16108 20001
12805 -15800
-9157 11228
5246 -6392
-1161 1407
-3001 3611
7145 -8545
-11173 13278
14986 -17700
-18492 21706
21604 -25201
-24244 28106
26342 -30350
-27843 31881
28704 -32663
-28896 32679
28406 -31927
-27237 30425
25409 -28208
-22957 25330
19931 -21856
-16396 17869
12429 -13462
-8118 8739
3562 -3811
1134 -1206
-5862 6195
10510 -11039
-14966 15623
19124 -19841
-22880 23593
26141 -26790
-28823 29359
30856 -31237
-32185 32383
32768 -32768
-32582 32383
31623 -31237
-29904 29359
27456 -26790
-24328 23593
20585 -19841
-16309 15623
11594 -11039
-6547 6195
1282 -1206
4077 -3811
-9408 8739
14581 -13462
-19474 17869
23966 -21856
-27947 25330
31316 -28208
-33985 30425
35884 -31927
-36957 32679
37169 -32663
-36503 31881
34966 -30350
-32582 28106
29397 -25201
-25477 21706
20905 -17700
-15781 13278
10219 -8545
-4346 3611
-1703 1407
7789 -6392
-13767 11228
19495 -15800
-24833 20001
29652 -23732
-33830 26905
37260 -29447
-39852 31298
41533 -32413
-42254 32767
41983 -32351
-40716 31176
38469 -29269
-35282 26674
31220 -23453
-26367 19681
20827 -15446
-14723 10849
8191 -5997
-1381 1005
-5549 4011
12439 -8933
-19124 13645
25444 -18037
-31245 22005
36382 -25457
-40726 28310
44163 -30499
-46600 31971
47967 -32693
-48216 32647
47328 -31834
-45307 30273
42187 -28002
-38027 25073
32911 -21555
-26946 17530
20264 -13094
-13011 8351
5351 -3411
2539 -1607
-10477 6589
18276 -11416
-25750 15976
32717 -20159
-39006 23870
44459 -27020
-48935 29535
52316 -31357
-54505 32442
55434 -32765
-55064 32319
53385 -31114
-50419 29178
46216 -26557
-40859 23312
34457 -19519
-27147 15269
19089 -10659
-10461 5800
1461 -804
7706 -4210
-16825 9126
25680 -13828
-34059 18204
41755 -22154
-48577 25583
54351 -28411
-58924 30572
62171 -32015
-63995 32706
64331 -32629
-63147 31785
60450 -30196
-56279 27897
50710 -24943
-43852 21403
35848 -17360
-26868 12910
17110 -8156
-6790 3211
-3854 1808
14579 -6786
-25133 11605
35262 -16151
-44721 20318
53275 -24007
-60708 27133
66825 -29621
-71461 31414
74481 -32469
-75786 32762
75316 -32285
-73053 31050
69019 -29086
-63279 26438
55938 -23170
-47142 19358
37074 -15090
-25948 10469
14008 -5602
-1521 603
-11226 4409
23940 -9319
-36319 14010
48065 -18371
-58889 22301
68517 -25708
-76702 28511
83221 -30644
-87890 32057
90563 -32718
-91139 32610
89562 -31736
-85829 30117
79984 -27791
-72123 24812
62392 -21250
-50981 17189
38126 -12725
-24101 7961
9211 -3011
6210 -2009
-21810 6983
37225 -11793
-52088 16325
66036 -20475
-78721 24144
89816 -27245
-99024 29707
106086 -31471
-110786 32496
112961 -32758
-112500 32250
109353 -30985
-103530 28993
95106 -26319
-84216 23027
71056 -19195
-55881 14912
38998 -10278
-20760 5403
1564 -402
18163 -4609
-37974 9512
57402 -14191
-75982 18537
93253 -22448
-108775 25832
122134 -28609
-132957 30714
140917 -32098
-145746 32728
147241 -32589
-145267 31685
139769 -30037
-130769 27684
118372 -24680
-102762 21097
84205 -17018
-63041 12539
39682 -7766
-14601 2811
-11670 2210
38561 -7179
-65462 11980
91745 -16499
-116777 20631
139926 -24279
-160584 27356
178176 -29791
-192177 31526
202121 -32521
-207616 32752
208355 -32214
-204126 30919
194819 -28898
-180433 26199
161077 -22884
-136978 19032
108476 -14732
-76022 10087
40174 -5205
-1589 201
-38982 4808
80717 -9704
-122723 14372
164057 -18703
-203744 22594
240791 -25955
-274208 28707
303023 -30784
-326306 32138
343182 -32737
-352854 32568
354616 -31634
-347870 29956
332142 -27576
-307089 24547
272516 -20942
-228377 16846
174783 -12353
-112005 7571
40470 -2611
39236 -2410
-126385 7375
220105 -12167
-319396 16673
423145 -20787
-530141 24414
639094 -27466
-748653 29874
857429 -31581
-964016 32545
1067012 -32745
-1165044 32176
1256792 -30852
-1341004 28803
1416523 -26077
-1482304 22740
1537432 -18868
-1581134 14552
1612798 -9896
-1631976 5006
