-21532 -1065
-258135 -15874
-1248432 -96698
-3433534 -329744
-6805234 -815395
-10462419 -1627424
-11275880 -2625663
-3422968 -3258387
20608345 -2286317
67295642 2192496
138942125 12428400
231729717 30582923
335456632 58024598
435613897 94510806
517649369 138100958
571290224 185783724
593284791 234351366
587695780 281311254
563561572 325483491
531169218 366769510
498566871 405313513
469848613 440877856
445642075 472504012
424969253 498707590
406598923 518269845
390011654 530808128
376192039 537054344
366877473 538547982
363595481 536892636
366795372 532854271
375651993 526081288
388570131 515573656
403834303 500344652
420304187 479909877
437836629 454546938
456781841 425020601
477284431 392069916
498968132 356165610
520962695 317371157
542252613 275275421
562096234 229243524
580487875 178750002
597817753 123542808
614104285 63938501
628043409 1180247
636804932 -62793701
637120283 -125634913
626753123 -185094622
605903612 -239683084
577453810 -289078538
545778042 -333896663
515095334 -375052611
488025500 -412997016
464870215 -447144685
444223108 -476124035
424302172 -498570603
404325812 -513936697
385243030 -522926218
369258665 -527411912
358766839 -529692963
355461516 -531494022
360039258 -533413664
372125625 -534795349
390592851 -533782524
413854837 -527900050
439995913 -514860432
467272614 -493236886
494420144 -462889902
520712233 -424907541
545784916 -381128797
569501751 -333577132
591610491 -283972135
611610004 -233168817
628878960 -180968718
642722057 -126734063
652721119 -69846724
658954718 -9927916
661855912 52842755
661661610 117446184
658001511 182173339
649882966 245021259
635996762 303859246
615243628 356541360
587546049 401482996
554112429 437806325
517132844 465395383
479754015 485152423
445434330 499045879
417149416 509706138
396844168 519723284
384995130 530619258
380522643 542321105
381502072 553243005
385989152 560731190
392761849 562051863
401907195 555562388
414616340 541205806
432715364 520318443
457700148 494835111
489637627 466321536
526698829 435222034
565168808 400625220
600280133 360865503
627916436 314596457
645938051 261307578
654677330 201599452
656345774 137437431
653850442 71449691
649616163 6113443
644621626 -56718365
638301211 -116385267
629183002 -173094920
615619638 -227096831
596605812 -278153695
572264920 -325348200
543458540 -367303236
511448650 -402873909
478012283 -431545165
445341168 -453547010
415951605 -470039719
392469722 -482926722
376914862 -494376805
370038832 -506285941
371302205 -519662611
379008312 -533914608
391021850 -546861204
405349501 -555207231
420653178 -555628471
436536196 -545861677
453237795 -525403043
471315740 -495819889
491316065 -459974948
513549950 -420688372
538026078 -379822060
563998285 -337790740
589778317 -293755554
613377513 -246456807
633040277 -194628026
647492479 -137500627
656449587 -75133815
660672263 -8353474
661366811 61061220
659193460 130451151
653707059 196838935
643601238 257749043
627638607 311636173
605178519 358033997
576745189 397308632
544265682 430325725
510139688 457921341
476647634 480639174
445859138 499075328
419400233 513989648
398353190 526026167
383403467 535735492
374974448 543323226
373157035 548372671
377403612 549939568
386705595 546892071
400342517 538654199
417780292 525257595
438434401 507107474
461680987 484726277
487006610 458356918
514265409 427855667
543603664 392745932
575089641 352459086
608026047 306689145
640236402 255546126
667963392 199528932
687199840 139489468
695119974 76600615
691150219 11965328
677536226 -53506445
658657466 -118763992
639091386 -182727753
621715821 -244296365
606728644 -302323847
592002010 -355697685
574467995 -403458410
551468954 -444975962
522221818 -480054765
488364192 -508987137
453267798 -532392524
420868694 -550949807
394515110 -565189726
376231406 -575408211
366221790 -581371408
363106613 -582172632
365086519 -576748010
371143793 -564591712
381476960 -546155077
397263277 -522970187
420003851 -497137267
450416871 -470385222
487346756 -443260576
527651183 -414801697
566861532 -382988902
600344187 -345620698
624794130 -301192236
639177630 -249537188
644646366 -192028939
643674116 -130955846
639005331 -68501497
632840561 -6105653
626354718 55452293
619582752 115796364
611694063 174851194
601633369 232474561
588748947 288252047
572872409 341488751
554130151 391004209
532753191 435375329
509255859 473319033
484493628 503862497
459742194 526801139
436561736 542617671
416262596 552142402
399724696 556499913
387317253 556730307
378947111 553520499
374354013 547192922
373866381 537973690
378730459 526296391
390622323 512610375
410740450 496859895
438954119 478294680
473503099 455502888
511224810 426869497
548142995 391195999
580270134 348097333
604441476 298187199
619036605 243044161
624206406 184727206
621580398 125274834
613806816 66419823
603788672 9163472
593846190 -45918333
585086748 -98532124
577280627 -149053058
569170226 -198300649
559027151 -247085725
545484903 -295619995
527998850 -343200333
506852014 -388456980
483033386 -429969161
457999915 -466718191
433670694 -498421974
412340888 -525513060
396242884 -548836904
387211431 -569083459
385980335 -586015871
391732796 -598135535
402488043 -603293348
415824845 -599623012
429861136 -586485368
