576797038 70968860
576797038 70968860
631288968 121709535
632731965 185927911
628325919 251527472
620398809 315782452
549189855 338548577
462730027 334014385
453656083 371143379
457849427 441391132
434702136 480814701
438704198 512781885
431414136 545180292
387073523 540143672
344399398 516898504
328401872 523208231
345497641 532666398
363613411 518271525
370461432 520093832
371921639 519816932
397819962 505596248
434846614 501974742
441304583 461802886
445009270 401656675
442627475 363102887
468104088 354191383
528190081 341006785
562345462 289987077
570742582 220630296
579190171 169012766
574387290 128721927
581455525 77545404
604361168 17157439
627493364 -50761589
665318460 -127647979
694218588 -214397596
656430312 -276944179
555936687 -295536136
482937294 -308961113
453891043 -345615844
469868295 -406452213
482121908 -453129736
464882532 -490126386
433281296 -516647593
395632920 -525677525
369538618 -526581070
356468748 -517998952
336584664 -497535336
324205500 -508384062
343428556 -538100248
370289209 -530231889
385017676 -520808048
395137136 -532055183
421349695 -531598824
465962241 -506394696
504646137 -478109417
530720017 -439400887
539048191 -367923692
546233485 -306415089
566600277 -277581181
608383904 -232577862
652606418 -188212834
642924679 -131257507
642293271 -72440711
655185224 -20632774
652964975 46147585
642169080 121366945
656418262 179070418
646045414 230771565
633225011 306696259
641628778 390133284
604172330 420286561
548268126 426347600
501705182 460440472
469961923 503781776
428746122 512005902
392205090 499976682
381430532 502902307
361568596 504882897
338087212 491428076
373615599 541175408
417447547 604279001
411313372 596001365
394934364 566863078
384003615 533994520
391918028 496787839
435448357 485766138
478630760 461105809
516575104 431034952
548603955 400930178
587704447 358406151
658048323 329959290
703234145 291790061
678993641 211623461
640339207 129126780
605479027 61153535
582748695 -3106542
634961783 -71236385
692866504 -132613048
658983401 -168951475
590874953 -202212539
569080151 -258609515
575926784 -334471320
547038978 -387202879
518226619 -431971941
489928644 -448428612
428450008 -426841566
390290844 -446911453
372903162 -494138857
345597306 -504462654
340600449 -501289539
369536089 -497933290
376747830 -480749744
372106566 -517102543
400351043 -583467239
436266563 -603676152
446320079 -591726445
430647321 -535163257
440756533 -461462720
481020765 -430380322
521039029 -423174560
524791366 -377771676
556188611 -334632716
575649093 -291594697
581066396 -247975575
644749032 -207840968
693985307 -143222736
671110400 -79202119
632809969 -25493876
626935097 49076319
650017411 134674361
638448875 213199921
630184863 274507969
670076238 326323185
662224069 378558755
561387157 388555305
483234733 404137836
479203398 452434721
494282038 495787098
466647939 517871784
405785189 510158758
364179601 507424377
354593412 519290958
352361817 523030172
362232927 542022750
389657276 577724195
381306401 556389096
377601341 520160557
410201138 529976176
428707379 517366814
434448324 457517996
482929982 442991551
531319609 447018019
553658126 410971638
547677608 345941031
549768676 293478579
617795602 268895367
678690196 213481457
720767962 140680611
749016746 74315788
730486419 7439855
670917813 -57850303
603883540 -117396471
587864484 -172639062
603112609 -240639701
602189260 -309760728
586382253 -360160717
595533679 -421050311
580557596 -449422637
528395665 -465674513
478844474 -507167644
442552977 -541355410
406492803 -556619114
359907872 -552916190
335845270 -558613460
346194560 -580169017
368841249 -587362498
367656693 -567583467
369418903 -570496605
389866257 -581269938
389236183 -542758440
370489542 -461632922
390901442 -406313521
472039100 -425644052
547255972 -440064293
575209946 -406233034
604483922 -360933989
647405553 -305776034
674655011 -255462537
647213786 -194725842
616167314 -125364046
608326563 -64565840
607986081 1447601
637776042 66233062
633998409 115531211
585285938 156702931
575257987 218144264
608620723 299399173
596113498 359951783
536674456 384133042
502457157 416290284
505594438 476524846
501788196 523754227
466618781 549907748
420029818 550050719
386884224 529635093
375440798 535915033
375320502 559770595
377818936 554151035
378706249 544401895
378305314 543598058
369688790 517021776
366954270 508793025
360984834 482657187
388433558 444246364
469735837 461492566
537078364 463897870
567689099 421189890
571628825 346470695
593693052 278038103
630081360 238878067
654703730 198048532
646290289 129189636
600211736 53603811
562149406 -8690552
558741204 -47380286
571830462 -94250940
578883040 -150355167
573801413 -200762597
571841654 -246422832
549920145 -284418668
507447940 -311598063
492839100 -375983786
501470305 -469623675
468827120 -499569624
410605459 -490450275
393674018 -498496074
385619724 -526240388
362793641 -567416544
355139994 -593957921
370330323 -594533953
390233666 -591550242
424758970 -613682478
449432236 -622573206
459600313 -591682317
453152855 -522591051
433374534 -458672168
465263063 -446065411
503017006 -433610557
543393137 -400925843
630178622 -391942729
663665005 -353348877
626883668 -256440369
641087726 -175710919
690358864 -136751098
602382894 -81112718
