9091
-21539
-2562
-855
71
56
161
406
2727
11866
745
296
220
209
222
245
280
322
367
403
420
408
370
319
263
211
165
118
67
15
-40
-89
-135
-173
-210
-247
-285
-322
-353
-380
-404
-430
-462
-495
-522
-531
-523
-502
-483
-466
-456
-443
-419
-381
-331
-283
-238
-201
-165
-125
-81
-30
21
75
124
172
221
267
313
355
390
416
429
435
438
446
459
478
493
501
493
472
444
415
387
361
334
304
266
224
175
128
83
42
4
-36
-86
-143
-209
-274
-331
-367
-386
-393
-400
-418
-446
-482
-509
-518
-508
-482
-460
-443
-432
-421
-404
-380
-350
-313
-271
-219
-162
-106
-55
-16
17
52
90
139
194
252
304
345
373
392
404
418
437
464
497
528
546
539
506
462
417
383
359
343
326
303
272
233
189
141
89
34
-20
-73
-124
-171
-214
-250
-286
-319
-355
-396
-431
-456
-467
-469
-472
-483
-501
-519
-522
-500
-459
-410
-372
-348
-336
-327
-309
-277
-224
-158
-88
-24
35
90
147
208
271
324
360
375
376
374
382
401
431
463
490
506
512
502
490
470
452
429
401
368
333
293
251
209
165
120
79
39
1
-37
-86
-144
-206
-270
-325
-366
-395
-416
-428
-439
-450
-464
-474
-484
-481
-468
-448
-430
-422
-420
-415
-405
-383
-352
-312
-265
-208
-146
-78
-14
45
93
