-1 -1
-6 -1
-28 -2
-79 -7
-160 -19
-251 -39
-281 -65
-112 -85
436 -69
1529 28
3233 263
5467 690
7992 1346
10468 2236
12554 3331
14000 4568
14718 5873
14777 7167
14355 8388
13664 9496
12876 10470
12099 11305
11385 12006
10758 12580
10229 13035
9802 13380
9486 13622
9290 13766
9220 13816
9279 13773
9464 13638
9770 13405
10187 13070
10702 12626
11297 12065
11951 11382
12642 10571
13341 9629
14019 8559
14648 7366
15199 6060
15651 4657
15986 3176
16193 1639
16268 74
16207 -1493
16012 -3034
15689 -4523
15248 -5936
14705 -7252
14083 -8457
13407 -9538
12709 -10492
12016 -11314
11357 -12009
10756 -12580
10233 -13035
9807 -13380
9490 -13622
9293 -13767
9222 -13818
9280 -13776
9464 -13641
9769 -13408
10186 -13073
10701 -12628
11296 -12067
11951 -11384
12642 -10572
13341 -9631
14020 -8561
14648 -7368
15199 -6062
15651 -4659
15986 -3177
16193 -1640
16267 -75
16206 1492
16012 3032
15689 4520
15248 5932
14705 7247
14082 8451
13407 9533
12708 10486
12016 11310
11357 12005
10755 12577
10232 13032
9805 13378
9489 13620
9292 13765
9222 13815
9280 13773
9465 13637
9771 13404
10188 13069
10703 12625
11298 12064
11952 11381
12643 10570
13342 9629
14020 8560
14649 7366
15200 6060
15651 4657
15986 3174
16194 1637
16268 72
16207 -1495
16012 -3036
15689 -4524
15248 -5936
14706 -7252
14083 -8456
13408 -9538
12709 -10491
12016 -11315
11356 -12010
10754 -12582
10231 -13037
9805 -13382
9489 -13624
9293 -13768
9223 -13818
9281 -13776
9466 -13640
9771 -13408
10188 -13072
10702 -12628
11297 -12068
11952 -11385
12642 -10574
13341 -9633
14019 -8564
14648 -7370
15200 -6064
15651 -4660
15986 -3178
16194 -1641
16268 -75
16206 1492
16011 3032
15687 4520
15246 5932
14704 7248
14081 8453
13406 9535
12708 10488
12015 11311
11356 12007
10755 12578
10232 13034
9806 13379
9489 13621
9293 13766
9222 13817
9280 13775
9465 13639
9770 13406
10187 13070
10701 12625
11296 12065
11950 11381
12641 10570
13341 9628
14020 8558
14649 7365
15200 6059
15651 4655
15986 3173
16194 1636
16268 70
16207 -1497
16012 -3038
15689 -4526
15248 -5937
14705 -7253
14082 -8457
13407 -9539
12708 -10492
12015 -11316
11356 -12011
10754 -12583
10232 -13038
9805 -13384
9489 -13626
9292 -13770
9221 -13821
9279 -13779
9464 -13643
9770 -13410
10186 -13075
10701 -12630
11297 -12069
11952 -11386
12643 -10574
13343 -9633
14022 -8562
14651 -7369
15202 -6063
15653 -4659
15988 -3177
16195 -1640
16269 -75
16208 1492
16013 3033
15690 4521
15249 5933
14705 7248
14083 8452
13407 9533
12708 10486
12014 11309
11355 12005
10753 12577
10231 13033
9805 13378
9489 13620
9293 13765
9223 13815
9281 13773
9466 13638
9771 13405
10187 13070
10702 12625
11297 12064
11952 11381
12642 10570
13342 9629
14021 8559
14649 7366
15200 6060
15652 4656
15986 3174
16194 1637
16267 71
16206 -1496
16011 -3036
15688 -4524
15247 -5936
14704 -7251
14081 -8456
13406 -9537
12708 -10491
12016 -11314
11358 -12008
10757 -12580
10236 -13034
9810 -13379
9494 -13621
9298 -13765
9227 -13816
9285 -13775
9468 -13639
9773 -13407
