-28604 -931
-361375 -16365
-1806833 -114749
-5126224 -447001
-10424779 -1204000
-16396118 -2521148
-18380047 -4242040
-7330529 -5524007
28639200 -4478710
100231837 1893478
211936216 17299070
358339508 45304066
523811647 88296245
686126991 146638016
822799258 218350061
917599741 299467319
964626911 384938933
968481858 469735412
940873711 549769776
895543028 622360926
843894657 686197159
792988497 740965030
746192432 786905492
705099718 824507219
670408687 854340156
642422800 876941779
621708669 892774714
608879515 902210530
604327015 905496894
608184671 902728231
620329167 893833031
640379911 878582712
667702191 856620761
701420651 827506839
740415966 790772338
783320265 745985572
828563105 692821953
874378089 631133197
918847742 561007693
960038840 482816532
996170109 397240084
1025760316 305268712
1047711524 208178749
1061310894 107488400
1066173111 4894844
1062172227 -97804578
1049409562 -198801799
1028239801 -296370410
999338038 -388951256
963762937 -475224658
922963477 -554163432
878702795 -625059019
832914148 -687519534
787531092 -741443450
744342599 -786970988
704936797 -824420681
670696887 -854220188
642757597 -876835864
622009560 -892707316
609109750 -902192010
604467754 -905523042
608237868 -902783952
620313421 -893899838
640322805 -878645073
667632418 -856668796
701361447 -827536496
740380261 -790785466
783309323 -745989014
828570055 -692824901
874392815 -631142877
918860700 -561025377
960044147 -482835308
996166254 -397246310
1025749122 -305248705
1047696987 -208127771
1061297342 -107416302
1066163193 -4824581
1062166011 97844769
1049404520 198787750
1028232569 296289131
999326829 388804421
963748478 475027210
922948285 553937968
878689681 624829490
832904354 687306899
787521949 741262461
744326654 786829290
704905069 824319296
670644589 854152758
642688352 876788805
621936435 892662528
609051906 902131713
604443786 905435658
608258697 902667482
620378095 893762418
640418662 878502820
667739338 856540358
701458918 827436459
740454860 790720012
783358455 745955013
828599953 692812563
874413577 631140777
918881226 561024642
960069069 482831307
996196091 397237236
1025781997 305232593
1047730623 208100812
1061331099 107373479
1066198625 4761638
1062205724 -97929431
1049450973 -198892331
1028287524 -296409602
999390410 -388937266
963817467 -475171336
923015243 -554094067
878743489 -624998200
832932803 -687486854
787517165 -741448769
744290572 -787013364
704850383 -824491430
670591155 -854305178
642656143 -876918402
621937417 -892772738
609085256 -902230541
604496835 -905531600
608313056 -902766493
620417685 -893865833
640435994 -878607306
667736217 -856641967
701442182 -827535067
740431048 -790819916
783330645 -746061997
828568112 -692929940
874378335 -631266419
918847217 -561151117
960044380 -482949683
996187922 -397341374
1025790969 -305321885
1047747249 -208180143
1061337550 -107449426
1066175879 -4838660
1062141590 97849753
1049345266 198810756
1028151745 296328210
999242782 388857162
963677073 475092028
922897715 554014960
878659006 624919219
832885521 687407599
787504879 741369163
744305386 786934615
704879819 824416164
670620322 854237749
642672041 876864661
621932985 892737499
609060883 902215281
604458138 905533536
608265954 902778132
620363821 893876839
640371946 878606622
667657597 856618283
701349684 827478220
740333733 790722864
783244251 745923611
828509321 692756682
874356138 631071623
918857154 560951395
960070237 482758436
996209922 397163794
1025796010 305154088
1047736400 208011691
1061325307 107269600
1066182254 4642788
1062181762 -98058070
1049421729 -199021383
1028252713 -296528939
999347732 -389039609
963765987 -475254730
922958444 -554162858
878690727 -625061653
832895959 -687554967
787504320 -741528980
744301481 -787108889
704875296 -824600482
670613272 -854424218
642657443 -877045054
621905390 -892906326
609017078 -902372720
604399331 -905685138
608198609 -902932139
620299517 -894040176
640325683 -878782096
667644390 -856803627
701380588 -827666568
740412027 -790905865
783363827 -746095338
828656355 -692914968
874513457 -631216814
919009831 -561085674
960209573 -482885970
996333278 -397290787
1025905608 -305287958
1047836942 -208158409
1061420719 -107430855
1066273730 -4815544
1062268099 97880333
1049500332 198844961
1028321623 296354788
999406036 388861292
963811666 475061145
922987398 553943075
878696897 624809992
832874222 687274823
787454542 741232191
744230667 786811102
704798060 824315853
670548901 854160909
642624592 876804058
621916664 892683403
609074499 902161810
604493212 905481021
608311542 902731343
620412075 893841072
640421034 878584534
667711084 856609048
701412883 827478401
740409277 790728602
783329790 745932841
828597378 692770296
874437357 631092537
918925107 560982674
960123543 482802282
996251090 397220796
1025828057 305222872
1047758998 208090057
1061333904 107355404
1066170308 4734269
1062144937 -97962627
1049361600 -198924384
1028178282 -296433186
999272867 -388947562
963704382 -475167767
922920384 -554078954
878682275 -624972439
832922025 -687445948
787572515 -741383193
744422646 -786912576
705060972 -824349380
670870520 -854126700
642983014 -876720699
622283142 -892579495
609419661 -902064431
604793124 -905406833
608551190 -902683868
620587238 -893813686
640538167 -878567557
