898693917 107327837
898693917 107327837
1034540091 202395595
1028101912 300187214
996733681 393194473
958198653 479547209
914673153 558279400
868162608 628444432
820515124 689715616
773426062 742350000
728463262 786699872
687445225 822977869
652190165 851396309
623724062 872538209
602605340 887334288
589509380 896252962
584764805 899329937
588594226 896746029
601045980 888508203
621647424 874181648
649780545 853258962
684509392 825457741
724606687 790333577
768924608 747073356
815901884 695106382
863635156 634434750
910467349 565060706
954462514 487151366
993456959 401340948
1025845887 308806019
1049252668 210800804
1058256948 108880180
1057168585 5045220
1058362217 -98882860
1050905809 -201186580
1028603553 -299989201
996828596 -393322161
958412779 -479617891
914985182 -558167042
868300906 -628471259
820324930 -689988770
773134759 -742644045
728586283 -786623235
688079529 -822459998
652873401 -850947712
624154612 -872479866
602860323 -887381010
589655249 -896325227
584905976 -899473886
588691404 -896847309
600974820 -888500042
621472989 -874137691
649588187 -853366364
684344821 -825668812
724641060 -790331763
769057637 -746901494
815968673 -695067265
863705638 -634440553
910480681 -565035771
954303697 -487208939
993356157 -401521006
1025977117 -308899187
1049411387 -210768577
1058183918 -108771900
1056943015 -4714307
1058295596 99204326
1051007869 201179469
1028741301 299696703
996922557 392945012
958337129 479401076
914752654 558083298
868159839 628299132
820419361 689684833
773327341 742304983
728651129 786429568
687981186 822487667
652734069 851001078
624074430 872422198
602850079 887347754
589551042 896300058
584673613 899427532
588646887 896776117
601170002 888301192
621686749 873870484
649789904 853142244
684535403 825541191
724731685 790298709
768986253 746951998
815808614 695191363
863666190 634533885
910589897 564918468
954478820 487028028
993471834 401517687
1025909112 309006617
1049261231 210784381
1058227547 108749142
1057154839 4696947
1058371954 -99332651
1050951735 -201404336
1028749784 -299852391
996979128 -393010919
958399110 -479463632
914867602 -558212564
868272814 -628515394
820513623 -689888862
773388559 -742495673
728572197 -786633804
687806815 -822671864
652593353 -851167287
623948069 -872596148
602784414 -887443390
589671315 -896313659
584933602 -899445630
588839431 -896829551
601219101 -888419751
621598797 -874111860
649603742 -853424619
684462436 -825557633
724756330 -790178333
769035863 -747019510
815922712 -695259914
863684745 -634659839
910414617 -565329263
954253464 -487367133
993397979 -401425033
1025990024 -308805769
1049427318 -210833966
1058379342 -108938919
1057215689 -4855982
1058287814 99191495
1050742639 201317252
1028453183 299881397
996715716 393008529
958314900 479386832
914894082 558043863
868243181 628307249
820357172 689865117
773225128 742535013
728599466 786610940
688006730 822596371
652758276 850975722
624015525 872407579
602735325 887447032
589517573 896417260
584781555 899483527
588771680 896804630
601193702 888482502
621717108 874122039
649680287 853313272
684299803 825532775
724486044 790236196
768810470 746894111
815794616 695053717
863677195 634378990
910550876 564928490
954426924 487126894
993526628 401364868
1026057344 308778343
1049350456 210766288
1058116356 108761284
1056973978 4657672
1058359147 -99542996
1051014765 -201680834
1028731089 -300007482
996935743 -393114239
958411768 -479534500
914832195 -558175914
868138614 -628440582
820332969 -689986348
773257850 -742688055
728647054 -786780122
688058391 -822721557
652737922 -851220666
623951249 -872754723
602690896 -887664840
589500535 -896457157
584851972 -899460557
588698952 -896914190
600987164 -888729004
621553569 -874382701
649648606 -853476105
684369216 -825725529
724617040 -790449601
768945215 -747058598
815934206 -695189793
863920960 -634527144
910791828 -565042620
954560926 -487186725
993555045 -401568807
1026067797 -309001135
1049444955 -210767006
1058262324 -108752551
1057142101 -4869470
1058437711 99138354
1051030051 201369489
1028826116 299867702
997035465 393094707
958374526 479552021
914807595 558017037
868245489 628116311
820437542 689541534
773248673 742209555
728500406 786503918
687772042 822634926
652603893 851000151
623967843 872401154
602713652 887396714
589593735 896288143
584928960 899378994
588880364 896766797
601244288 888404857
621660709 874099768
649656150 853377463
684328982 825609467
724565305 790216039
768987718 746834729
815960516 695033602
863779350 634436000
910599034 564996309
954445880 487083342
993511515 401433259
1026024215 308940551
1049357690 210819953
1058231536 108800620
1057115153 4744424
1058341328 -99401371
1050853178 -201576304
1028551375 -299958485
996777406 -393010774
958329032 -479387126
914845946 -558082014
868204825 -628393839
820427073 -689927363
773352249 -742589709
728614221 -786679436
687987477 -822611919
653002080 -850818989
624455471 -872136774
603203128 -887191231
589988553 -896196153
585194087 -899344690
589076108 -896778056
601397802 -888511527
621743133 -874145331
649722727 -853269462
684383001 -825529855
724495040 -790230802
768911839 -746789150
816049133 -695029538
863904920 -634580656
910655418 -565291623
954503822 -487407525
993515952 -401531615
1025769739 -308803064
1037714945 -211031150
926730228 -114471956
