9091
-21539
-3051
-483
56
158
188
382
2199
12180
914
328
232
215
227
255
293
335
375
402
410
393
359
315
268
220
172
125
77
26
-22
-72
-121
-169
-214
-257
-299
-336
-372
-402
-429
-451
-470
-486
-496
-503
-503
-497
-487
-473
-453
-431
-404
-375
-339
-303
-261
-218
-173
-125
-77
-27
22
72
120
169
214
258
299
336
372
402
428
451
471
486
496
503
502
498
487
471
454
430
405
374
341
303
261
218
173
125
77
26
-22
-72
-121
-168
-214
-257
-299
-337
-371
-402
-429
-451
-470
-486
-497
-503
-502
-497
-487
-472
-454
-430
-405
-375
-339
-303
-262
-218
-173
-124
-77
-27
23
71
121
168
214
258
298
337
371
402
428
452
470
487
496
503
503
497
487
472
453
431
405
374
340
303
261
218
173
125
77
27
-22
-73
-120
-168
-214
-258
-299
-337
-371
-402
-429
-451
-471
-485
-497
-503
-503
-497
-487
-472
-453
-431
-404
-375
-340
-302
-262
-219
-172
-125
-77
-27
23
72
120
169
213
258
299
337
372
402
428
451
471
486
496
503
503
497
487
472
452
431
405
374
341
303
261
218
173
125
77
27
-23
-72
-120
-169
-214
-257
-299
-337
-371
-402
-429
-451
-470
-486
-497
-503
-502
-497
-488
-472
-453
-431
-404
-374
-340
-303
-260
-218
-173
-124
-77
-28
23
72
