-31751 -1578
-385744 -22335
-1880735 -138136
-5254463 -505261
-10579395 -1311786
-16477472 -2661977
-18168576 -4337170
-6521704 -5405742
30312516 -3886149
102841664 3252880
215249949 19631783
361839501 48612830
526832506 92327336
688058717 150916858
823269123 222312429
916563295 302624646
962355506 386989809
965467052 470608980
937681265 549602078
892684316 621394033
841744364 684672496
791737684 739064412
745826115 784742798
705366643 822157454
670809484 851867848
642319187 874435400
620509792 890345932
606250725 899959474
600352827 903472282
603364748 900891788
615400813 892055859
636053912 876700731
664388220 854535476
699074315 825272964
738594286 788643427
781428128 744360440
826151578 692104278
871393938 631570027
915719905 562566533
957543607 485146011
995124371 399778259
1026689743 307469486
1050635197 209723059
1065734752 108394978
1071271242 5507429
1067049497 -96935558
1053351207 -197127324
1030868176 -293532239
1000627997 -384877069
963937470 -470142448
922342563 -548534681
877553839 -619438894
831355735 -682410813
785506859 -737207496
741693311 -783775069
701520497 -822223695
666480507 -852793502
637910127 -875817825
616917654 -891683552
604269661 -900778503
600328333 -903419591
605054535 -899807156
618048025 -890036587
638651034 -874087989
666061150 -851817217
699394031 -822959817
737681815 -787112973
779825201 -743735368
824526915 -692245405
870254563 -632161152
915265267 -563281081
957695609 -485840250
995669591 -400550238
1027410723 -308558521
1051407930 -211337956
1066509710 -110552941
1071982823 -7941746
1067585024 94718332
1053558653 195630762
1030583773 293083890
999738919 385551657
962440389 471747397
920351677 550677995
875275577 621669392
829071402 684333289
783573458 738529470
740471785 784358505
701248659 822107634
667153957 852184771
639197453 875083049
618183223 891278858
604738654 901147503
599335715 904922143
602326786 902635590
613872959 894135507
633809146 879159196
661565823 857379665
696140628 828398129
736140841 791767653
779903032 747069727
825653607 693976969
871637568 632320922
916179399 562177789
957697022 483926304
994699407 398245321
1025760375 306108230
1049516038 208783513
1064760397 107768289
1070603339 4765207
1066620298 -98352132
1052929753 -199648225
1030199152 -297253169
999580444 -389508770
962577958 -475120163
920875736 -553197115
876219405 -623210512
830377416 -684908018
785095451 -738233361
742052057 -783281744
702816620 -820270701
668784067 -849533731
641094834 -871503181
620587070 -886666114
607804401 -895499692
603029008 -898407329
606334233 -895644030
617625868 -887227129
636621088 -872913259
662839509 -852223265
695575604 -824511740
733851574 -789079205
776414718 -745290632
821739813 -692717559
868063651 -631250606
913464670 -561102664
955990307 -482812256
993786001 -397231833
1025177107 -305480687
1048766664 -208880802
1063498069 -108882326
1068703699 -7032089
1064162626 95044944
1050125690 195652888
1027322697 293049570
996898058 385554913
960299280 471688155
919160077 550330753
875170080 620809735
829994889 682900550
785251634 736745083
742502967 782653181
703273028 820929002
669027599 851776150
641101922 875328587
620586887 891732332
608195714 901212762
604215909 904083245
608591415 900656296
621036365 891114695
641105300 875417669
668223330 853266392
701634515 824152096
740314946 787477487
782936789 742695918
827894072 689424125
873394389 627515777
917611483 557098386
958798247 478591240
995344755 392728769
1025811743 300577997
1048933794 203510244
1063644310 103141835
1069160102 1226494
1065105844 -100483652
1051589925 -200342462
1029215115 -296827288
999054536 -388565121
962530601 -474356361
921260680 -553159670
876947714 -624133303
831309425 -686720325
786032968 -740693078
742734549 -786153340
702952376 -823468210
668155180 -853154190
639691413 -875726398
618703038 -891598051
606009972 -901049158
602035403 -904242492
606782564 -901250343
619885821 -892067881
640693380 -876599591
668354774 -854623997
701889336 -825777392
740230252 -789541713
782225266 -745305896
826586645 -692510827
871825954 -630783943
916250505 -560059960
958029372 -480723166
995306927 -393650608
1026354309 -300171796
1049680325 -201974982
1064140565 -100924396
1069042330 1137814
1064182207 102543159
1049854014 201849674
1026796693 297787599
996115167 389155975
959179679 474763502
917549771 553486716
872933693 624383700
827121836 686831397
781922364 740623467
739109837 785952311
700309212 823255604
666901751 853039999
639960568 875753799
620238060 891716180
608228219 901132253
604234609 904160665
608416219 900939500
620758419 891536472
641013507 875867977
668645976 853658103
702773180 824433060
742160902 787607637
785276461 742645914
830404989 689192712
875776109 627181752
919679894 556903494
960542061 478976224
996888250 394277923
1027325968 303871321
1050550166 208910502
1065381773 110602569
1070910033 10240271
1066650869 -90739150
1052662959 -190728114
1029614982 -287993954
998710709 -380803589
961521241 -467610295
919798655 -547215543
875324132 -618831815
829831039 -682059953
784977455 -736815136
742350899 -783210738
703451163 -821473985
669661475 -851909180
642184407 -874872883
621943805 -890780476
609545854 -900091921
605295595 -903217140
609231347 -900424551
621165334 -891779419
640735459 -877081357
