902799836 115776491
902799836 115776491
1027915811 211132198
1021326750 303645262
993727593 391067025
958079833 477402604
913569550 558147792
863446144 629035758
815219301 689370579
770173278 740220097
729160934 782174182
690527419 820037116
654729001 851099801
625413650 870199843
603462457 883960131
587048472 894792740
579552216 895996770
581877381 892523470
592385788 887871098
612417150 876758101
644718816 854378463
687046769 820453399
730349159 783959114
770451386 743350424
812393726 693399830
857977695 635644972
902892194 568865752
947427276 490751995
991770022 404959446
1027539689 313644232
1051868937 214074243
1065558763 108529747
1069423596 1516493
1065627629 -102328637
1052608988 -201565299
1029142581 -294622620
996306042 -385765937
957217636 -474216597
914912838 -552191328
867728899 -622393345
818585578 -684912173
770975458 -736907020
726437855 -781728784
686309082 -821878024
650204886 -852309770
619078841 -872202674
595388545 -886797756
580943330 -896191641
577601716 -897141849
587468555 -891868348
601716891 -885004594
622371339 -871962859
650569075 -849351406
681585376 -817741868
720608259 -781013841
766424401 -742595343
811307446 -696563714
857334120 -638764078
905828529 -570437360
951438049 -492507487
991179884 -404438744
1025302168 -309432829
1051088022 -211688658
1066552485 -111566596
1072725991 -9648795
1067700048 92882657
1051739014 199162776
1027925641 299390736
997171846 389383920
956313548 476527804
910234653 555878173
865075957 622209959
817350250 682705307
768427801 742151822
724020553 789353659
684556707 819948404
649437544 845593230
620281396 869570161
600733830 885981434
588483427 896455194
579420339 900834291
581071738 895808168
595941049 885475109
613380626 875827361
638297713 857760538
676458515 826714739
722556945 789301344
771642134 746024058
816673583 695520961
859277052 637891364
906426705 568716190
951079989 488222998
989369382 400209355
1022287833 307968476
1047177864 211578090
1063261107 110535215
1070410751 7184947
1069051992 -97735606
1055441272 -203354309
1029144429 -304985684
993371963 -395797241
952021005 -479392274
910525738 -556911095
868410537 -624435678
820207465 -685695344
771957802 -738616973
727124580 -783787872
683160907 -821269614
647840835 -847596836
622780143 -865082148
604504377 -880180270
590653769 -890698888
581794373 -893938135
586149818 -889259757
600207824 -878516293
619200375 -865329880
645053498 -848239403
677656673 -824620330
716615036 -791526096
760403490 -748105852
808799910 -695102023
857393454 -633359524
904688383 -565816718
951747167 -487560575
990742300 -400123172
1021230537 -308914199
1046706281 -211203380
1063682839 -108840695
1069606189 -4474039
1064881570 95699966
1049299976 191832171
1024224376 292943408
992837967 392471180
953020940 481303565
908062148 557602663
864518186 623671348
818910045 682776388
772508132 734481032
728200875 780585073
686623849 819041361
652143625 847700139
623516188 872229032
598850454 890293088
584179490 899113412
582798949 898234721
591325904 892492856
607359297 883899699
626987354 868575342
649370861 848331954
677953242 824030706
719628458 791303494
771359873 743563110
820352652 689217184
865556191 630388925
909295005 561880958
949910427 483379123
987883757 397850447
1022506402 304935435
1049428263 204413306
1064226024 103061335
1067588630 1056152
1063265149 -103642557
1050738120 -203406332
1029832736 -298261927
997243783 -389949416
954400630 -477923389
908843096 -557295147
864619358 -627700537
820688941 -689770989
776110314 -742843964
730380494 -787672541
684933631 -822399375
646483267 -847262162
620595608 -867974839
602050476 -887058784
586712665 -897231776
578223235 -900032037
583191479 -897046811
602098393 -885865095
626431562 -870302495
653486330 -848631477
686408003 -822784613
723923757 -790764380
766237719 -747147016
812854621 -694302990
861278811 -634340288
906633076 -566885896
951041416 -488032332
991755010 -398846415
1024296036 -302620705
1047890971 -203107216
1064132665 -98790838
1070515225 5974903
1064676577 105442946
1048442157 203092119
1023974195 298541265
990817828 388201492
950560557 475534288
909793889 558805727
865050998 631935364
815703461 692285426
767607383 742833089
722004877 783592149
681779285 817483268
647755626 848327537
621950291 872174126
601991061 887916454
588318021 898089371
587592741 899869366
591598333 893863436
599576267 884683552
619466499 870290863
648625359 848743430
686933740 822162566
728290384 788950399
770648450 746129690
818289800 692523189
867084181 629395392
913548447 559989362
955277647 482357322
990008106 396341512
1020534140 305955075
1046286451 209845255
1064698950 109886283
1073370681 11818322
1070400018 -87209654
1054538548 -188913787
1026496972 -289118021
991518304 -386641679
952488577 -477245548
911096078 -554313564
865898702 -620049098
817576214 -679923602
770851550 -735778819
728207600 -784406098
686049010 -823638558
651148661 -851123437
624341959 -868710056
602484073 -883742817
588503259 -895146038
584903927 -899149183
591170636 -895308772
605330391 -883953819
624581189 -868117750
647310329 -851558373
680320387 -828298414
723322613 -793333763
767321304 -750327192
813284056 -697444723
863246914 -632396534
910860965 -563162624
953400850 -488920880
992861192 -400346489
1026681606 -303393760
1039541789 -207353464
927504447 -114307794
