9091
-21539
-3051
-365
-11
163
170
390
2377
12100
837
311
222
209
221
250
288
330
371
400
407
390
355
312
265
220
174
130
83
33
-19
-72
-124
-173
-219
-260
-297
-333
-366
-397
-428
-453
-475
-490
-499
-502
-499
-492
-482
-469
-451
-432
-407
-379
-346
-309
-269
-224
-177
-126
-75
-23
29
78
125
170
213
253
293
330
366
399
429
454
473
487
496
500
500
496
487
475
458
434
409
379
343
304
262
220
173
128
80
32
-18
-69
-120
-170
-217
-262
-301
-339
-372
-403
-430
-455
-473
-488
-499
-503
-502
-498
-488
-472
-454
-430
-403
-373
-338
-302
-260
-216
-171
-123
-75
-27
21
68
114
162
207
252
296
336
374
407
433
456
473
485
493
498
499
496
489
475
456
433
404
373
339
304
264
222
176
126
74
24
-27
-75
-122
-168
-214
-257
-298
-337
-372
-404
-431
-455
-473
-487
-495
-499
-496
-492
-482
-470
-454
-432
-406
-374
-341
-303
-263
-220
-175
-126
-76
-24
26
77
125
169
213
255
293
333
371
405
436
461
480
493
498
499
495
490
482
470
454
434
408
376
340
302
259
216
169
122
73
24
-25
-75
-122
-171
-216
-260
-300
-337
-372
-402
-427
-448
-465
-476
-484
-490
-493
-491
-488
-477
-462
-438
-410
-379
-343
-304
-263
-219
-173
-123
-75
-24
23
70
