0
0
1
-2
-2
1
2
-2
-5
-1
6
3
-6
-8
2
10
2
-11
-8
8
13
-3
-16
-8
12
17
-2
-23
-13
18
29
-5
-40
-22
38
51
-18
-77
-21
84
73
-67
-128
15
165
65
-169
-161
126
252
-29
-313
-110
315
269
-243
-417
95
514
113
-530
-352
442
570
-252
-729
-22
779
335
-705
-638
497
870
-187
-989
-190
956
562
-777
-881
465
1080
-66
-1130
-360
1011
746
-744
-1033
363
1178
77
-1156
-510
969
876
-642
-1118
226
1203
226
-1118
-645
877
973
-512
-1166
75
1193
371
-1055
-768
766
1053
-373
-1195
-77
1164
511
-975
-879
644
1117
-227
-1204
-226
1118
644
-878
-974
512
1165
-76
-1193
-372
1054
767
-766
-1054
372
1194
76
-1165
-512
974
878
-645
-1119
225
1203
225
-1119
-645
877
973
-514
-1167
75
1192
370
-1056
-768
765
1053
-373
-1195
-77
1164
511
-974
-878
644
1118
-226
-1204
-226
1118
645
-877
-974
513
1166
-75
-1194
-371
1055
767
-767
-1054
372
1194
76
-1165
-512
973
877
-645
-1119
225
1202
224
-1120
-646
876
972
-513
-1167
74
1192
371
-1056
-769
766
1053
-373
-1195
-77
1165
512
-974
-878
645
1119
-226
-1203
-225
1119
645
-877
-973
513
1166
-75
-1193
-371
1054
767
-767
-1054
371
1194
76
-1166
-513
973
877
-646
-1120
224
1202
224
-1120
-646
876
972
-514
-1167
74
1192
370
-1056
-768
766
1053
-372
-1194
-76
1165
512
-973
-877
645
1119
-225
-1203
-225
1119
645
-877
-973
513
1166
-75
-1194
-372
1054
767
-768
-1055
371
1193
74
-1166
-513
972
876
-646
-1120
224
1201
224
-1120
-646
876
972
-513
-1166
74
1193
371
-1055
-768
767
1054
-372
-1194
-75
1166
513
-973
-877
645
1119
-225
-1203
-225
1119
645
-877
-973
512
1165
-76
-1194
-372
1053
766
-768
-1056
370
1192
74
-1167
-514
972
876
-646
-1120
224
1202
224
-1120
-646
877
973
-513
-1166
76
1194
371
-1054
-767
767
1054
-371
-1193
-75
1166
513
-973
-877
645
1119
-225
-1203
-226
1119
645
-878
-974
512
1165
-77
-1195
-373
1053
766
-769
-1056
371
1192
74
-1167
-513
972
876
-646
-1120
224
1202
225
-1119
-645
877
973
-512
-1165
76
1194
372
-1054
-767
767
1055
-371
-1194
-75
1166
513
-974
-877
645
1118
-226
-1204
-226
1118
644
-878
-974
511
1164
-77
-1195
-373
1053
765
-768
-1056
370
1192
75
-1167
-514
973
877
-645
-1119
225
1203
225
-1119
-645
878
974
-512
-1165
76
1194
372
-1054
-766
767
1054
-372
-1193
-76
1165
512
-974
-878
644
1118
-226
-1204
-227
1117
644
-879
-975
511
1164
-77
-1195
-373
1053
766
-768
-1055
371
1193
75
-1166
-512
973
877
-645
-1118
226
1203
226
-1118
-642
875
970
-510
-1157
76
1180
366
-1036
-749
749
1020
-362
-1144
-68
1101
475
-907
-802
588
999
-207
-1053
-189
951
531
-727
-783
413
904
-67
-899
-267
765
538
-541
-719
255
790
44
-751
-322
614
546
-400
-689
140
738
140
-689
-400
546
614
-322
-751
44
790
255
-719
-541
538
765
-267
-899
-67
904
413
-783
-727
531
951
-189
-1053
-207
999
588
-802
-907
475
1101
-68
-1144
-362
1020
749
-749
-1036
366
1180
76
-1157
-510
970
875
-642
-1118
226
1203
226
-1118
-645
877
973
-512
-1166
75
1193
371
-1055
-768
766
1053
-373
-1195
-77
1164
511
-975
-879
644
1117
-227
-1204
-226
1118
644
-878
-974
512
1165
-76
-1193
-372
1054
767
-766
-1054
372
1194
76
-1165
-512
974
878
-645
-1119
225
1203
225
-1119
-645
877
973
-514
-1167
75
1192
370
-1056
-768
765
1053
-373
-1195
-77
1164
511
-974
-878
644
1118
-226
-1204
-226
1118
645
-877
-974
513
1166
-75
-1194
-371
1055
767
-767
-1054
372
1194
76
-1165
-512
973
877
-645
-1119
225
1202
224
-1120
-646
876
972
-513
-1167
74
1192
371
-1056
-769
766
1053
-373
-1195
-77
1165
512
-974
-878
645
1119
-226
-1203
-225
1119
645
-877
-973
513
1166
-75
-1193
-371
1054
767
-767
-1054
371
1194
76
-1166
-513
973
877
-646
-1120
224
1202
224
-1120
-646
876
972
-514
-1167
74
1192
370
-1056
-768
766
1053
-372
-1194
-76
1165
512
-973
-877
645
1119
-225
-1203
-225
1119
645
-877
-973
513
1166
-75
-1194
-372
1054
767
-768
-1055
371
1193
74
-1166
-513
972
876
-646
-1120
224
1201
224
-1120
-646
876
972
-513
-1166
74
1193
371
-1055
-768
767
1054
-372
-1194
-75
1166
513
-973
-877
645
1119
-225
-1203
-225
1119
645
-877
-973
512
1165
-76
-1194
-372
1053
766
-768
-1056
370
1192
74
-1167
-514
972
876
-646
-1120
224
1202
224
-1120
-646
877
973
-513
-1166
76
1194
371
-1054
-767
767
1054
-371
-1193
-75
1166
513
-973
-877
645
1119
-225
-1203
-226
1119
645
-878
-974
512
1165
-77
-1195
-373
1053
766
-769
-1056
371
1192
74
-1167
-513
972
876
-646
-1120
224
1202
225
-1119
-645
877
973
-512
-1165
76
1194
372
-1054
-767
767
1055
-371
-1194
-75
1166
513
-974
-877
645
1118
-226
-1204
-226
1118
644
-878
-974
511
1164
-77
-1195
-373
1053
765
-768
-1056
370
1192
75
-1167
-514
973
877
-645
-1119
225
1203
225
-1119
-645
878
974
-512
-1165
76
1194
372
-1054
-766
767
1054
-372
-1193
-76
1165
512
-974
-878
644
1118
-226
-1204
-227
1117
644
-879
-975
511
1164
-77
-1195
-373
1053
766
-768
-1055
371
1193
75
-1166
-512
973
877
-645
-1118
226
1203
226
-1118
-642
875
970
-510
-1157
76
1180
366
-1036
-749
749
1020
-362
-1144
-68
1101
475
-907
-802
588
999
-207
