39
49
35
-3
-66
-157
-283
-444
-623
-796
-936
-1020
-1027
-929
-698
-314
221
880
1630
2435
3263
4076
4832
5487
6007
6377
6589
6634
6505
6201
5732
5117
4375
3512
2530
1443
275
-937
-2158
-3359
-4513
-5585
-6539
-7347
-7994
-8476
-8789
-8924
-8875
-8623
-8243
-7713
-7036
-6221
-5284
-4248
-3134
-1959
-740
501
1735
2930
4059
5107
6059
6898
7604
8162
8565
8811
8896
8815
8561
8138
7556
6833
5983
5015
3946
2796
1597
375
-848
-2055
-3225
-4335
-5360
-6280
-7086
-7765
-8302
-8679
-8882
-8909
-8765
-8457
-7989
-7365
-6597
-5704
-4708
-3630
-2484
-1286
-61
1165
2365
3520
4616
5631
6541
7320
7951
8426
8741
8892
8872
8680
8323
7814
7163
6378
5468
4446
3338
2168
959
-270
-1501
-2707
-3859
-4929
-5900
-6757
-7488
-8077
-8510
-8779
-8885
-8830
-8613
-8230
-7681
-6979
-6144
-5194
-4146
-3016
-1825
-599
631
1842
3017
4138
5184
6130
6955
7649
8203
8609
8853
8922
8812
8529
8085
7489
6750
5879
4896
3825
2690
1506
290
-939
-2153
-3323
-4426
-5448
-6373
-7180
-7847
-8357
-8701
-8879
-8890
-8733
-8406
-7918
-7283
-6518
-5635
-4642
-3553
-2389
-1179
51
1278
2485
3648
4740
5735
6614
7366
7981
8447
8751
8884
8849
8652
8298
7788
7123
6313
5379
4343
3227
2048
828
-408
-1631
-2814
-3940
-4996
-5963
-6818
-7541
-8118
-8542
-8810
-8914
-8845
-8599
-8183
-7611
-6896
-6051
-5088
-4026
-2892
-1712
-505
713
1926
3109
4234
5275
6213
7037
7730
8275
8655
8863
8901
8773
8481
8027
7415
6664
5791
4817
3753
2610
1410
177
-1057
-2268
-3437
-4544
-5563
-6470
-7246
-7880
-8369
-8704
-8877
-8877
-8704
-8369
-7880
-7246
-6470
-5563
-4544
-3437
-2268
-1057
177
1410
2610
3753
4817
5791
6664
7415
8027
8481
8773
8901
8863
8655
8275
7730
7037
6213
5275
4234
3109
1926
713
-505
-1712
-2892
-4026
-5088
-6051
-6896
-7611
-8183
-8599
-8845
-8914
-8810
-8542
-8118
-7541
-6818
-5963
-4996
-3940
-2814
-1631
-408
828
2048
3227
4343
5379
6313
7123
7788
8298
8652
8849
8884
8751
8447
7981
7366
6614
5735
4740
3648
2485
1278
51
-1179
-2389
-3553
-4642
-5635
-6518
-7283
-7918
-8406
-8733
-8890
-8879
-8701
-8357
-7847
-7180
-6373
-5448
-4426
-3323
-2153
-939
290
1506
2690
3825
4896
5879
6750
7489
8085
8529
8812
8922
8853
8609
8203
7649
6955
6130
5184
4138
3017
1842
631
-599
-1825
-3016
-4146
-5194
-6144
-6979
-7681
-8230
-8613
-8830
-8885
-8779
-8510
-8077
-7488
-6757
-5900
-4929
-3859
-2707
-1501
-270
959
2168
3338
4446
5468
6378
7163
7814
8323
8680
8872
8892
8741
8426
7951
7320
6541
5631
4616
3520
2365
1165
-61
-1286
-2484
-3630
-4708
-5704
-6597
-7365
-7989
-8457
-8765
-8909
-8882
-8679
-8302
-7765
-7086
-6280
-5360
-4335
-3225
-2055
-848
375
1597
2796
3946
5015
5983
6833
7556
8138
8561
8815
8896
8811
8565
8162
7604
6898
6059
5107
4059
2930
1735
501
-740
-1959
-3134
-4248
-5284
-6221
-7036
-7713
-8243
-8623
-8846
-8900
-8781
-8491
-8041
-7440
-6696
-5818
-4821
-3729
-2573
-1377
-158
1064
2269
3430
4523
5529
6436
7229
7886
8389
8724
8891
8891
8724
8389
7886
7229
6436
5529
4523
3430
2269
1064
-158
-1377
-2573
-3729
-4821
-5818
-6696
-7440
-8041
-8491
-8781
-8900
-8846
-8623
-8243
-7713
-7036
-6221
-5284
-4248
-3134
-1959
-740
501
1735
2930
4059
5107
6059
6898
7604
8162
8565
8811
8896
8815
8561
8138
7556
6833
5983
5015
3946
2796
1597
375
-848
-2055
-3225
-4335
-5360
-6280
-7086
-7765
-8302
-8679
-8882
-8909
-8765
-8457
-7989
-7365
-6597
-5704
-4708
-3630
-2484
-1286
-61
1165
2365
3520
4616
5631
6541
7320
7951
8426
8741
8892
8872
8680
8323
7814
7163
6378
5468
4446
3338
2168
959
-270
-1501
-2707
-3859
-4929
-5900
-6757
-7488
-8077
-8510
-8779
-8885
-8830
-8613
-8230
-7681
-6979
-6144
-5194
-4146
-3016
-1825
-599
631
1842
3017
4138
5184
6130
6955
7649
8203
8609
8853
8922
8812
8529
8085
7489
6750
5879
4896
3825
2690
1506
290
-939
-2153
-3323
-4426
-5448
-6373
-7180
-7847
-8357
-8701
-8879
-8890
-8733
-8406
-7918
-7283
-6518
-5635
-4642
-3553
-2389
-1179
51
1278
2485
3648
4740
5735
6614
7366
7981
8447
8751
8884
8849
8652
8298
7788
7123
6313
5379
4343
3227
2048
828
-408
-1631
-2814
-3940
-4996
-5963
-6818
-7541
-8118
-8542
-8810
-8914
-8845
-8599
-8183
-7611
-6896
-6051
-5088
-4026
-2892
-1712
-505
713
1926
3109
4234
5275
6213
7037
7730
8275
8655
8863
8901
8773
8481
8027
7415
6664
5791
4817
3753
2610
1410
177
-1057
-2268
-3437
-4544
-5563
-6470
-7246
-7880
-8369
-8704
-8877
-8877
-8704
-8369
-7880
-7246
-6470
-5563
-4544
-3437
-2268
-1057
177
1410
2610
3753
4817
5791
6664
7415
8027
8481
8773
8901
8863
8655
8275
7730
7037
6213
5275
4234
3109
1926
713
-505
-1712
-2892
-4026
-5088
-6051
-6896
-7611
-8183
-8599
-8845
-8914
-8810
-8542
-8118
-7541
-6818
-5963
-4996
-3940
-2814
-1631
-408
828
2048
3227
4343
5379
6313
7123
7788
8298
8652
8849
8884
8751
8447
7981
7366
6614
5735
4740
3648
2485
1278
51
-1179
-2389
-3553
-4642
-5635
-6518
-7283
-7918
-8406
-8733
-8890
-8879
-8701
-8357
-7847
-7180
-6373
-5448
-4426
-3323
-2153
-939
290
1506
2690
3825
4896
5879
6750
7489
8085
8529
8812
8922
8853
8609
8203
7649
6955
6130
5184
4138
3017
1842
631
-599
-1825
-3016
-4146
-5194
-6144
-6979
-7681
-8230
-8613
-8830
-8885
-8779
-8510
-8077
-7488
-6757
-5900
-4929
-3859
-2707
-1501
-270
959
2168
3338
4446
5468
6378
7163
7814
8323
8680
8872
8892
8741
8426
7951
7320
6541
5631
4616
3520
2365
1165
-61
-1286
-2484
-3630
-4708
-5704
-6597
-7365
-7989
-8457
-8765
-8909
-8882
-8679
-8302
-7765
-7086
-6280
-5360
-4335
-3225
-2055
-848
375
1597
2796
3946
5015
5983
6833
7556
8138
8561
8815
8896
8811
8565
8162
7604
6898
6059
5107
4059
2930
1735
501
-740
-1959
-3134
-4248
-5284
-6221
-7036
-7713
-8243
-8623
-8846
-8900
-8781
-8491
-8041
-7440
-6696
-5818
-4821
-3729
-2573
-1377
-158
1064
2269
3430
4523
5529
6436
7229
7886
8389
8724
