2 -33
10 -18
13 -6
31 -42
17 -21
20 -15
16 -21
19 -17
29 -17
22 -29
15 -24
15 -27
21 -26
23 -43
24 10
19 -17
19 -30
27 -15
28 -10
17 -6
24 -13
23 -15
22 -15
23 -13
28 -8
26 -8
26 -14
23 -21
24 -13
23 -10
26 -23
28 -15
31 -31
26 -5
23 -21
-24 -17
27 -17
29 -15
34 -14
30 -12
22 -24
33 -6
29 -13
26 -12
34 -11
34 -21
21 -15
28 -12
39 -18
25 -6
23 -20
22 -16
36 -7
43 -4
34 -19
33 -17
35 -14
36 -11
32 -12
34 -5
39 -14
41 -18
39 -11
45 -16
46 -13
28 -3
40 -6
44 -11
39 -13
48 -10
48 -12
48 -17
50 -14
39 -5
44 -15
48 -14
49 -11
54 -12
78 9
49 -18
52 -14
40 -13
51 -14
54 -18
52 7
59 -6
65 -9
59 -9
63 -9
62 -4
64 -6
62 -10
70 -8
66 -11
67 -16
73 -2
76 -7
78 -15
85 -9
88 -4
75 6
94 -8
89 2
97 -5
95 -5
109 -2
104 1
108 0
111 4
115 4
127 17
122 -24
137 -7
140 -4
156 0
157 -4
138 15
178 4
191 8
205 7
221 6
235 -5
278 25
302 23
340 28
390 33
462 24
533 86
671 78
894 108
1334 167
2613 334
64765 8599
-2846 -399
-1389 -202
-922 -140
-695 -115
-560 -121
-452 -59
-388 -60
-341 -56
-299 -47
-276 -46
-233 -57
-226 -49
-211 -49
-189 -41
-181 -46
-187 -56
-156 -36
-148 -37
-147 -33
-134 -34
-126 -32
-126 -34
-115 -29
-109 -34
-109 -36
-105 -32
-101 -26
-97 -29
-90 -33
-89 -33
-90 -35
-93 -43
-79 -11
-74 -20
-89 -21
-77 -21
-84 -19
-36 -54
-59 -29
-62 -31
-64 -39
-54 -28
-60 -34
-58 -27
-61 -26
-50 -27
-55 -33
-50 -43
-52 -5
-60 -15
-63 -21
-46 -21
-46 -17
-37 -21
-46 -15
-42 -21
-44 -23
-45 -19
-35 -12
-44 -28
-46 -21
-40 -20
-42 -28
-33 -32
-60 -3
-45 -20
-61 -25
-29 -19
-33 -17
-39 -19
-33 -22
-33 -20
-39 -28
-29 -30
-32 -34
-32 0
-33 -13
-39 -14
-31 -23
-32 -20
-20 -23
-37 -23
-29 -30
-19 -8
-26 -16
-30 -20
-27 -12
-28 -19
-27 -24
-28 -19
-40 -8
-15 -36
-30 -21
-21 -19
-21 -23
-22 -21
10 -10
-27 -27
-25 -22
-22 -5
-22 -26
-24 -39
-17 -7
-22 -12
-25 -14
-25 -21
-25 -18
-28 -14
-23 -19
-18 -13
-24 -23
-19 -22
-30 -23
-19 -15
-20 -21
-28 4
-23 -13
-21 -13
-18 -33
-15 -24
-11 -22
-17 -23
-16 -30
-10 -23
-20 -20
-17 -26
-21 -30
-23 -37
-38 -77
-2 27
-11 -1
-29 1
-6 -13
-15 -20
-13 -17
-9 -16
-13 -15
-16 -22
-17 -21
-25 -24
-11 -17
-12 -20
-11 -22
-10 -21
-13 -37
-18 5
-13 -13
-30 -10
-8 -18
-12 -8
5 -19
-10 -17
-19 -24
-6 -17
-10 -23
-19 -33
-8 -7
-9 -13
-12 -21
-9 -13
-17 -17
6 -30
-8 -16
-16 -24
5 -16
5 -15
4 -12
-10 -15
-2 -13
-3 -17
-4 -16
-7 -2
-11 -38
-3 -20
-2 -26
-4 -19
3 -14
-34 -15
-11 -13
-9 -24
6 -1
-6 -12
4 1
-11 -22
-9 -14
-1 -15
-7 -20
-10 -11
2 -31
2 -28
-4 -19
-3 -19
-6 -22
-4 -24
-8 -21
-6 -22
-9 -7
-6 -19
-4 -24
-1 -11
0 -18
-6 -13
1 -16
0 -18
-16 -7
-1 -18
0 -18
-4 -15
1 -16
15 7
-9 -29
-5 -21
-14 -4
-6 -8
-6 -18
-2 -24
-2 -19
-7 -12
3 -18
-4 -21
-30 -23
-5 -23
-2 -24
-7 -26
-4 -30
-15 -52
5 5
1 -13
1 -12
6 -9
0 -18
-11 -10
-1 -12
-7 -19
-2 -16
-1 -17
-12 -26
0 -16
1 -20
2 -17
4 -22
7 -28
-5 5
-1 -10
-5 -7
-4 -5
0 -11
14 -14
2 -13
0 -18
1 -10
1 -14
0 -10
2 -15
1 -14
-3 -13
8 -17
-5 -20
14 -18
3 -17
0 -13
0 -17
2 -16
-23 -26
9 -15
8 -10
-1 -17
4 -17
3 -15
1 -13
-1 -18
1 -14
6 -20
4 -17
1 -13
4 -16
0 -14
0 -16
3 -15
-1 -20
5 -10
5 -24
-9 -16
5 -19
12 -23
-13 -1
6 -15
3 -11
3 -9
6 -16
15 -7
3 -15
6 -15
-2 -22
5 -19
2 -31
12 5
8 -8
0 -22
2 -9
-5 -6
62 -45
19 -21
10 -15
10 -13
16 -11
25 -1
4 -17
12 -15
7 -19
4 -13
2 -7
20 -41
7 -19
21 -20
8 -12
4 -13
10 -18
18 -14
9 -16
2 -17
13 -16
17 -17
13 -13
3 -19
21 -11
5 -12
9 -18
9 -6
17 -18
22 -20
0 -8
9 -15
-7 -22
17 -1
12 -12
12 -7
9 -7
11 -4
13 -22
14 -24
20 -14
15 -12
16 -17
15 -18
16 -17
24 -12
-1 -8
2 -9
13 7
7 -21
10 -19
4 -12
5 -19
-1 -18
34 -29
16 -16
14 -17
13 -15
14 -14
11 -14
21 -13
21 -10
-4 -18
11 -3
14 5
18 -41
15 -20
12 -19
17 -17
20 -19
16 -20
17 -19
23 -15
16 -19
17 -14
27 -6
19 -15
18 -18
