16 -16
15 -14
12 -9
31 -35
21 -21
20 -19
20 -18
20 -18
30 -15
19 -19
19 -19
20 -20
20 -23
18 -41
23 8
22 -7
22 -10
22 -11
22 -12
19 -11
22 -12
23 -12
23 -12
24 -11
28 -7
21 -14
22 -13
23 -13
23 -12
22 -9
28 -22
26 -16
26 -15
26 -15
25 -15
-10 -18
28 -14
28 -15
28 -15
28 -16
26 -25
31 -5
30 -10
30 -11
31 -12
32 -12
25 -8
30 -11
31 -11
32 -12
32 -12
32 -12
34 -11
34 -11
35 -12
35 -12
36 -13
35 -8
36 -10
37 -10
38 -10
38 -10
41 -10
40 -9
41 -9
42 -8
43 -5
51 8
37 -23
41 -15
43 -14
45 -13
47 -14
39 -5
46 -10
47 -10
49 -9
52 -8
78 3
46 -12
49 -11
51 -10
53 -10
54 -9
56 -10
57 -10
58 -9
60 -9
62 -9
54 -7
63 -8
65 -8
67 -8
68 -8
69 -10
74 -5
75 -5
77 -5
79 -4
79 -1
93 -15
90 -7
92 -5
95 -4
99 -4
113 0
104 -2
109 -1
114 0
119 3
125 16
129 -19
136 -6
143 -3
151 -1
161 0
165 3
181 2
193 4
208 5
224 5
229 -8
280 23
306 22
343 24
392 28
461 27
528 81
673 79
896 105
1336 162
2618 331
64793 8603
-2847 -397
-1393 -204
-922 -143
-690 -116
-555 -120
-451 -52
-388 -58
-340 -55
-303 -51
-274 -47
-233 -54
-223 -45
-206 -42
-192 -40
-178 -38
-164 -34
-159 -37
-149 -36
-141 -34
-134 -34
-127 -33
-122 -31
-116 -31
-111 -30
-107 -29
-102 -29
-101 -28
-95 -28
-92 -27
-88 -27
-85 -26
-82 -22
-82 -28
-79 -26
-77 -25
-77 -23
-80 -18
-36 -55
-60 -31
-61 -29
-61 -28
-60 -27
-65 -30
-56 -25
-55 -26
-54 -26
-53 -26
-51 -30
-52 -18
-50 -22
-49 -23
-48 -23
-47 -23
-44 -23
-45 -23
-44 -22
-43 -22
-41 -21
-37 -16
-43 -26
-41 -25
-39 -24
-38 -25
-36 -27
-45 -14
-39 -21
-38 -22
-37 -22
-36 -22
-43 -25
-33 -23
-33 -23
-33 -24
-33 -27
-32 -39
-31 -2
-31 -14
-31 -16
-31 -17
-33 -17
-4 -28
-26 -20
-27 -20
-27 -20
-27 -20
-29 -22
-25 -18
-26 -18
-26 -18
-26 -16
-29 -11
-14 -37
-21 -24
-21 -23
-21 -22
-20 -22
22 -14
-24 -23
-23 -23
-23 -24
-22 -26
-24 -39
-18 -5
-19 -15
-19 -17
-19 -18
-18 -19
-25 -15
-20 -18
-20 -18
-19 -19
-19 -19
-22 -21
-17 -17
-18 -18
-18 -17
-19 -16
-21 -10
-11 -36
-15 -25
-16 -23
-16 -23
-16 -23
-6 -24
-17 -24
-17 -26
-18 -28
-20 -35
-35 -77
-1 18
-9 -4
-11 -10
-12 -12
-13 -12
-4 -21
-10 -17
-11 -17
-11 -17
-12 -18
-20 -23
-9 -17
-9 -18
-10 -20
-9 -22
-7 -33
-14 3
-11 -10
-11 -13
-11 -14
-11 -15
6 -18
-9 -16
-10 -16
-10 -17
-11 -19
-17 -30
-4 -7
-7 -11
-8 -12
-9 -12
-11 -10
2 -26
-5 -17
-5 -16
-5 -15
-5 -15
4 -10
-8 -15
-7 -14
-6 -13
-6 -10
-6 1
-5 -36
-5 -23
-5 -20
-4 -19
-2 -19
-37 -6
-8 -16
-6 -16
-5 -15
-4 -14
4 -2
-11 -22
-8 -19
-8 -17
-8 -15
-11 -10
4 -36
-3 -23
-3 -21
-4 -20
-4 -20
-10 -21
-3 -19
-3 -20
-3 -20
-3 -21
-4 -28
-1 -9
-2 -15
-2 -16
-1 -17
0 -17
-15 -9
-4 -15
-2 -15
-1 -15
0 -14
15 0
-9 -22
-5 -19
-5 -18
-4 -17
-5 -15
0 -26
-2 -21
-2 -20
-2 -20
-2 -20
-27 -22
-2 -21
-2 -22
-3 -24
-4 -29
-13 -57
7 8
2 -8
1 -12
1 -14
2 -16
-10 -7
-2 -14
-1 -15
-1 -16
-1 -17
-12 -24
3 -15
1 -17
1 -18
2 -21
4 -33
-4 7
0 -8
0 -11
0 -12
0 -13
10 -15
1 -14
1 -14
1 -14
1 -15
0 -15
1 -14
1 -14
1 -14
0 -14
0 -13
7 -22
2 -17
2 -16
1 -17
0 -17
-23 -27
7 -14
5 -16
4 -16
4 -17
4 -22
3 -7
4 -13
4 -14
4 -14
5 -15
-5 -12
3 -15
3 -15
3 -16
3 -16
0 -22
7 -13
6 -15
6 -16
7 -17
10 -22
-6 3
2 -10
3 -12
4 -13
5 -13
16 -11
3 -14
4 -15
4 -15
4 -17
2 -28
6 0
4 -7
4 -9
2 -9
-1 -7
59 -37
14 -15
11 -13
11 -12
12 -10
26 4
1 -18
5 -15
5 -13
5 -11
2 -4
16 -34
10 -20
9 -18
9 -17
9 -16
11 -16
9 -15
9 -15
9 -15
9 -15
9 -16
9 -14
9 -14
9 -15
9 -15
10 -15
4 -11
8 -14
8 -14
8 -14
6 -15
-11 -27
15 -9
12 -11
11 -10
11 -9
9 -4
15 -25
13 -16
12 -15
12 -14
12 -13
17 -14
13 -13
13 -12
13 -11
14 -9
20 2
8 -22
10 -16
10 -14
9 -12
6 -7
34 -36
18 -18
16 -16
15 -15
15 -14
14 -14
15 -13
15 -12
15 -11
15 -7
14 6
18 -39
16 -22
16 -19
16 -17
16 -16
25 -18
18 -16
18 -15
18 -14
19 -12
26 -2
13 -21
15 -17
