0
0
0
0
0
0
0
0
-1
-7
-20
-36
-53
-67
-69
-48
15
136
330
605
957
1369
1807
2226
2571
2786
2817
2627
2195
1527
651
-377
-1486
-2590
-3602
-4439
-5032
-5333
-5315
-4976
-4335
-3427
-2308
-1049
273
1578
2788
3832
4645
5181
5405
5306
4888
4177
3216
2063
785
-540
-1832
-3015
-4017
-4778
-5253
-5413
-5249
-4770
-4006
-3001
-1816
-523
801
2078
3230
4188
4895
5309
5404
5176
4637
3820
2774
1562
256
-1065
-2323
-3441
-4353
-5004
-5356
-5386
-5094
-4497
-3630
-2545
-1308
7
1322
2558
3640
4504
5098
5386
5352
4996
4341
3426
2306
1047
-275
-1580
-2790
-3834
-4647
-5183
-5407
-5308
-4890
-4179
-3218
-2065
-787
538
1830
3013
4015
4776
5251
5411
